This is pdfTeX, Version 3.141592-1.10b (MiKTeX 2.3) (preloaded format=latex 2000.11.28)  24 SEP 2003 19:24
**C:/Documents*and*Settings/quemador/Escritorio/Miktex_2.3/ERM/ERMEXAMP.TEX
(C:/Documents and Settings/quemador/Escritorio/Miktex_2.3/ERM/ERMEXAMP.TEX{pdft
ex.cfg}
LaTeX2e <2001/06/01>
Babel <v3.7h> and hyphenation patterns for spanish, loaded.
(erm.cls
Document Class: erm 2002/01/10 v0.9 the ERM LaTeX class: Jairo Duque
(C:\texmf\tex\latex\base\bk11.clo
File: bk11.clo 2001/04/21 v1.4e Standard LaTeX file (size option)
)
\chapterpageno=\count79
\c@part=\count80
\c@chapter=\count81
\c@section=\count82
\c@subsection=\count83
\c@subsubsection=\count84
\c@paragraph=\count85
\c@subparagraph=\count86
\c@figure=\count87
\c@table=\count88
\abovecaptionskip=\skip41
\belowcaptionskip=\skip42
\bibindent=\dimen102
\erm@textwidth=\dimen103
\erm@textheight=\dimen104
LaTeX Info: Redefining \cite on input line 914.
) (C:\texmf\tex\latex\amsmath\amsmath.sty
Package: amsmath 2000/07/18 v2.13 AMS math features
\@mathmargin=\skip43

For additional information on amsmath, use the `?' option.
(C:\texmf\tex\latex\amsmath\amstext.sty
Package: amstext 2000/06/29 v2.01
 (C:\texmf\tex\latex\amsmath\amsgen.sty
File: amsgen.sty 1999/11/30 v2.0
\@emptytoks=\toks14
\ex@=\dimen105
)) (C:\texmf\tex\latex\amsmath\amsbsy.sty
Package: amsbsy 1999/11/29 v1.2d
\pmbraise@=\dimen106
)
(C:\texmf\tex\latex\amsmath\amsopn.sty
Package: amsopn 1999/12/14 v2.01 operator names
)
\inf@bad=\count89
LaTeX Info: Redefining \frac on input line 211.
\uproot@=\count90
\leftroot@=\count91
LaTeX Info: Redefining \overline on input line 307.
\classnum@=\count92
\DOTSCASE@=\count93
LaTeX Info: Redefining \ldots on input line 379.
LaTeX Info: Redefining \dots on input line 382.
LaTeX Info: Redefining \cdots on input line 467.
\Mathstrutbox@=\box26
\strutbox@=\box27
\big@size=\dimen107
LaTeX Font Info:    Redeclaring font encoding OML on input line 567.
LaTeX Font Info:    Redeclaring font encoding OMS on input line 568.
\macc@depth=\count94
\c@MaxMatrixCols=\count95
\dotsspace@=\muskip10
\c@parentequation=\count96
\dspbrk@lvl=\count97
\tag@help=\toks15
\row@=\count98
\column@=\count99
\maxfields@=\count100
\andhelp@=\toks16
\eqnshift@=\dimen108
\alignsep@=\dimen109
\tagshift@=\dimen110
\tagwidth@=\dimen111
\totwidth@=\dimen112
\lineht@=\dimen113
\@envbody=\toks17
\multlinegap=\skip44
\multlinetaggap=\skip45
\mathdisplay@stack=\toks18
LaTeX Info: Redefining \[ on input line 2666.
LaTeX Info: Redefining \] on input line 2667.
) (C:\texmf\tex\latex\amscls\amsthm.sty
Package: amsthm 2000/10/26 v2.08
\thm@style=\toks19
\thm@bodyfont=\toks20
\thm@headfont=\toks21
\thm@notefont=\toks22
\thm@headpunct=\toks23
\thm@preskip=\skip46
\thm@postskip=\skip47
\thm@headsep=\skip48
\dth@everypar=\toks24
)
\c@thm=\count101
\c@ax=\count102
\c@defn=\count103
\c@rem=\count104
No file ERMEXAMP.aux.
LaTeX Font Info:    Checking defaults for OML/cmm/m/it on input line 155.
LaTeX Font Info:    ... okay on input line 155.
LaTeX Font Info:    Checking defaults for T1/cmr/m/n on input line 155.
LaTeX Font Info:    ... okay on input line 155.
LaTeX Font Info:    Checking defaults for OT1/cmr/m/n on input line 155.
LaTeX Font Info:    ... okay on input line 155.
LaTeX Font Info:    Checking defaults for OMS/cmsy/m/n on input line 155.
LaTeX Font Info:    ... okay on input line 155.
LaTeX Font Info:    Checking defaults for OMX/cmex/m/n on input line 155.
LaTeX Font Info:    ... okay on input line 155.
LaTeX Font Info:    Checking defaults for U/cmr/m/n on input line 155.
LaTeX Font Info:    ... okay on input line 155.
Article 1.
LaTeX Info: Redefining \\ on input line 156.

Overfull \hbox (23.6375pt too wide) in paragraph at lines 192--192
[]/cmtt10@10.95pt/\det\mathbf{K}(i|i)=\text{ the number of spanning trees of $G
$},[] |
 []


LaTeX Warning: Citation `liuchow:formalsum' on page 1 undefined on input line 2
09.


LaTeX Warning: Reference `H-cycles' on page 1 undefined on input line 214.

LaTeX Font Info:    Try loading font information for OMS+cmr on input line 219.

(C:\texmf\tex\latex\base\omscmr.fd
File: omscmr.fd 1999/05/25 v2.5h Standard LaTeX font definitions
)
LaTeX Font Info:    Font shape `OMS/cmr/m/n' in size <9> not available
(Font)              Font shape `OMS/cmsy/m/n' tried instead on input line 219.


LaTeX Warning: Reference `article@endpage' on page 1 undefined on input line 21
9.


Overfull \vbox (42.88332pt too high) has occurred while \output is active []


[1{psfonts.map}

]

LaTeX Warning: Citation `hapa:graphenum' on page 2 undefined on input line 222.



LaTeX Warning: Citation `gouja:lagrmeth' on page 2 undefined on input line 226.



LaTeX Warning: Reference `multdef' on page 2 undefined on input line 254.

[2]

LaTeX Warning: Reference `lem-det' on page 3 undefined on input line 281.


LaTeX Warning: Reference `detprod' on page 3 undefined on input line 291.


LaTeX Warning: Reference `sum-bij' on page 3 undefined on input line 292.


LaTeX Warning: Reference `detB' on page 3 undefined on input line 309.


LaTeX Warning: Reference `thm-main' on page 3 undefined on input line 314.


LaTeX Warning: Citation `mami:matrixth' on page 3 undefined on input line 316.

[3]

LaTeX Warning: Reference `thm-main' on page 4 undefined on input line 356.


LaTeX Warning: Reference `lem-per' on page 4 undefined on input line 370.


LaTeX Warning: Reference `H-cycles' on page 4 undefined on input line 394.


LaTeX Warning: Reference `detprod' on page 4 undefined on input line 394.


LaTeX Warning: Reference `sum-bij' on page 4 undefined on input line 394.

[4]

LaTeX Warning: Reference `th-info-ow-ow' on page 5 undefined on input line 412.



LaTeX Warning: Reference `th-weak-ske-owf' on page 5 undefined on input line 41
3.


LaTeX Warning: Reference `th-info-ow-ow' on page 5 undefined on input line 426.



LaTeX Warning: Reference `th-weak-ske-owf' on page 5 undefined on input line 42
7.


LaTeX Warning: Reference `thm-H-param' on page 5 undefined on input line 454.


LaTeX Warning: Reference `thm-asym' on page 5 undefined on input line 454.


LaTeX Warning: Reference `multdef' on page 5 undefined on input line 455.

[5]

LaTeX Warning: Citation `dihe:newdir' on page 6 undefined on input line 478.


LaTeX Warning: Citation `dihe:newdir' on page 6 undefined on input line 478.


LaTeX Warning: Citation `imlelu:oneway' on page 6 undefined on input line 486.


LaTeX Warning: Citation `imlelu:oneway' on page 6 undefined on input line 494.


LaTeX Warning: Citation `imlelu:oneway' on page 6 undefined on input line 496.


LaTeX Warning: Reference `th-info-ow-ow' on page 6 undefined on input line 507.



LaTeX Warning: Citation `moad:quadpro' on page 6 undefined on input line 515.


LaTeX Warning: Citation `ye:intalg' on page 6 undefined on input line 515.


LaTeX Warning: Citation `komiyo:lincomp' on page 6 undefined on input line 516.



LaTeX Warning: Citation `miyoki:lincomp' on page 6 undefined on input line 516.



LaTeX Warning: Citation `komiyo:unipfunc' on page 6 undefined on input line 517
.


LaTeX Warning: Citation `komiyo:lincomp' on page 6 undefined on input line 519.


[6] [7]

LaTeX Warning: Reference `limbog' on page 8 undefined on input line 578.


LaTeX Warning: Reference `d:over' on page 8 undefined on input line 591.


LaTeX Warning: Reference `d:ad' on page 8 undefined on input line 591.


LaTeX Warning: Reference `prop:eg' on page 8 undefined on input line 597.


LaTeX Warning: Reference `boundab' on page 8 undefined on input line 605.

[8]

LaTeX Warning: Reference `lem-per' on page 9 undefined on input line 646.

[9]

LaTeX Warning: Reference `th-info-ow-ow' on page 10 undefined on input line 691
.


LaTeX Warning: Reference `tripleA' on page 10 undefined on input line 697.


LaTeX Warning: Reference `nsep' on page 10 undefined on input line 724.


LaTeX Warning: Reference `BI' on page 10 undefined on input line 726.

[10] [11]

LaTeX Warning: Reference `E_SXgYy' on page 12 undefined on input line 781.


LaTeX Warning: Reference `E_SXgYy' on page 12 undefined on input line 802.

[12]

LaTeX Warning: Reference `sum-Di' on page 13 undefined on input line 864.

LaTeX Font Info:    Font shape `OMS/cmr/m/n' in size <10.95> not available
(Font)              Font shape `OMS/cmsy/m/n' tried instead on input line 865.

LaTeX Warning: Reference `s:mt' on page 13 undefined on input line 865.

[13]

LaTeX Warning: Reference `sum-Di' on page 14 undefined on input line 872.


LaTeX Warning: Reference `e:bomb' on page 14 undefined on input line 883.


LaTeX Warning: Reference `limbog' on page 14 undefined on input line 885.


LaTeX Warning: Reference `detK1' on page 14 undefined on input line 897.


LaTeX Warning: Reference `detK2' on page 14 undefined on input line 897.


Overfull \hbox (13.76642pt too wide) in paragraph at lines 908--908
[] |
 []


LaTeX Warning: Reference `limbog' on page 14 undefined on input line 909.

[14]

LaTeX Warning: Reference `e:SS' on page 15 undefined on input line 912.


LaTeX Warning: Reference `e:SS' on page 15 undefined on input line 914.


LaTeX Warning: Reference `th-weak-ske-owf' on page 15 undefined on input line 9
16.


LaTeX Warning: Reference `t:conl' on page 15 undefined on input line 917.


LaTeX Warning: Reference `sum-bij' on page 15 undefined on input line 920.


LaTeX Warning: Reference `e:st' on page 15 undefined on input line 922.


LaTeX Warning: Reference `e:barwq' on page 15 undefined on input line 922.


LaTeX Warning: Reference `th-weak-ske-owf' on page 15 undefined on input line 9
25.


LaTeX Warning: Citation `ste:sint' on page 15 undefined on input line 935.


LaTeX Warning: Reference `joe' on page 15 undefined on input line 950.


LaTeX Warning: Reference `j:mark' on page 15 undefined on input line 950.


LaTeX Warning: Reference `far-d' on page 15 undefined on input line 951.


Underfull \vbox (badness 1005) has occurred while \output is active []

 [15]

LaTeX Warning: Reference `e:bomb' on page 16 undefined on input line 979.


LaTeX Warning: Reference `r:omb' on page 16 undefined on input line 981.


LaTeX Warning: Reference `joe' on page 16 undefined on input line 986.

[16]

LaTeX Warning: Reference `thm-main' on page 17 undefined on input line 1002.


Overfull \hbox (29.59601pt too wide) detected at line 1005
[] [] /cmr10@10.95pt/= [](/cmmi10@10.95pt/t/cmr10@10.95pt/)  [] []/cmbx10@10.95
pt/R|
 []


LaTeX Warning: Reference `sum-ali' on page 17 undefined on input line 1013.


LaTeX Warning: Reference `delta-l' on page 17 undefined on input line 1013.


LaTeX Warning: Reference `far-d' on page 17 undefined on input line 1023.


LaTeX Warning: Reference `sum-Di' on page 17 undefined on input line 1023.


LaTeX Warning: Reference `far-d' on page 17 undefined on input line 1029.


LaTeX Warning: Reference `E_SXgYy' on page 17 undefined on input line 1030.


LaTeX Warning: Reference `detK1' on page 17 undefined on input line 1038.


LaTeX Warning: Reference `detK2' on page 17 undefined on input line 1038.

[17]

LaTeX Warning: Reference `alimo' on page 18 undefined on input line 1073.


LaTeX Warning: Reference `r:dif' on page 18 undefined on input line 1083.


LaTeX Warning: Reference `r:dif0' on page 18 undefined on input line 1083.


LaTeX Warning: Reference `quts' on page 18 undefined on input line 1086.


LaTeX Warning: Reference `sum-Di' on page 18 undefined on input line 1088.


LaTeX Warning: Reference `detK1' on page 18 undefined on input line 1088.


LaTeX Warning: Reference `detK2' on page 18 undefined on input line 1088.

[18]

LaTeX Warning: Reference `H-cycles' on page 19 undefined on input line 1100.


LaTeX Warning: Reference `sum-Di' on page 19 undefined on input line 1100.


LaTeX Warning: Reference `Dx' on page 19 undefined on input line 1100.


LaTeX Warning: Reference `A-l-lambda' on page 19 undefined on input line 1115.


LaTeX Warning: Reference `bl-sum' on page 19 undefined on input line 1117.


LaTeX Warning: Reference `H-param' on page 19 undefined on input line 1122.


LaTeX Warning: Reference `A-l-lambda' on page 19 undefined on input line 1126.


LaTeX Warning: Reference `H-param' on page 19 undefined on input line 1131.


LaTeX Warning: Reference `A-l-lambda' on page 19 undefined on input line 1136.


LaTeX Warning: Reference `thm-H-param' on page 19 undefined on input line 1143.



LaTeX Warning: Reference `thm-main' on page 19 undefined on input line 1149.

[19]

LaTeX Warning: Reference `H-cycles' on page 20 undefined on input line 1158.


LaTeX Warning: Reference `sum-ali' on page 20 undefined on input line 1158.


LaTeX Warning: Citation `mami:matrixth' on page 20 undefined on input line 1168
.

[20] [21] [22] [23] [24]
Overfull \hbox (29.38618pt too wide) in paragraph at lines 1435--1435
[]  /cmtt10@10.95pt/\left\lvert a_{n+1}\right\rvert/\left\lvert a_n\right\rvert
=0\\[] |
 []

[25] [26] [27]
Overfull \hbox (16.49242pt too wide) in paragraph at lines 1575--1577
/cmr10@10.95pt/Here are sam-ples of the ma-trix en-vi-ron-ments, /cmtt10@10.95p
t/\matrix/cmr10@10.95pt/, /cmtt10@10.95pt/\pmatrix/cmr10@10.95pt/, /cmtt10@10.9
5pt/\bmatrix/cmr10@10.95pt/,|
 []

[28] [29] [30]
\marginrulewidth=\dimen114
 [31] [32] [33] [34]

LaTeX Warning: Command \i invalid in math mode on input line 1883.


LaTeX Warning: Command \i invalid in math mode on input line 1883.


Overfull \hbox (23.6375pt too wide) in paragraph at lines 1910--1910
[]/cmtt10@10.95pt/&\le C_4\left\lvert \left\lvert f\left\lvert \wt{S}^{-1,0}_{a
,-}[] |
 []


Overfull \hbox (23.6375pt too wide) in paragraph at lines 1910--1910
[]  /cmtt10@10.95pt/\int_{a}^\theta c(\xi)u_t(\xi,t)\,d\xi\right\}dt\right\rver
t\\[] |
 []

[35]

LaTeX Warning: Command \i invalid in math mode on input line 1938.


LaTeX Warning: Command \i invalid in math mode on input line 1938.


Overfull \hbox (23.6375pt too wide) in paragraph at lines 1965--1965
[]/cmtt10@10.95pt/&\le C_4\left\lvert \left\lvert f\left\lvert \wt{S}^{-1,0}_{a
,-}[] |
 []


Overfull \hbox (23.6375pt too wide) in paragraph at lines 1965--1965
[]  /cmtt10@10.95pt/\int_{a}^\theta c(\xi)u_t(\xi,t)\,d\xi\right\}dt\right\rver
t\\[] |
 []

[36]

LaTeX Warning: Reference `eq:E' on page 37 undefined on input line 1979.

[37] [38]

LaTeX Warning: Reference `eq:C' on page 39 undefined on input line 2147.


LaTeX Warning: Reference `eq:D' on page 39 undefined on input line 2147.


LaTeX Warning: Reference `eq:C' on page 39 undefined on input line 2147.


LaTeX Warning: Reference `eq:D' on page 39 undefined on input line 2147.

[39] [40] [41] [42] [43]

LaTeX Warning: Reference `eq:A' on page 44 undefined on input line 2275.


LaTeX Warning: Reference `eq:B' on page 44 undefined on input line 2275.


LaTeX Warning: Reference `eq:A' on page 44 undefined on input line 2275.


LaTeX Warning: Reference `eq:B' on page 44 undefined on input line 2275.

[44]
Missing character: There is no á in font cmr10!
Missing character: There is no á in font cmr10!
 [45] [46] (ERMEXAMP.aux)

LaTeX Warning: There were undefined references.


LaTeX Warning: Label(s) may have changed. Rerun to get cross-references right.

 ) 
Here is how much of TeX's memory you used:
 1333 strings out of 95671
 13557 string characters out of 1191876
 80231 words of memory out of 1077898
 4332 multiletter control sequences out of 35000
 17520 words of font info for 63 fonts, out of 500000 for 1000
 2 hyphenation exceptions out of 607
 30i,23n,28p,1184b,424s stack positions out of 1500i,500n,5000p,200000b,32768s
 227 PDF objects out of 65536
 0 named destinations out of 20000
 0 words of extra memory for PDF output out of 65536
<cmr12.pfb><cmmi12.pfb><cmmi7.pfb><cmmib10.pfb><cmbsy7.pfb><cmmi9.pfb><cmsy6.
pfb><cmti8.pfb><cmex10.pfb><cmbx8.pfb><cmmi6.pfb><cmti10.pfb><cmr6.pfb><cmsy8.p
fb><cmex10.pfb><cmtt10.pfb><cmmi8.pfb><cmmi10.pfb><cmr8.pfb><cmsy10.pfb><cmtt12
.pfb><cmbx12.pfb><cmsy9.pfb><cmr9.pfb><cmssbx10.pfb><cmbx10.pfb><cmr10.pfb>
Output written on ERMEXAMP.pdf (46 pages, 316360 bytes).
