This is pdfTeX, Version 3.141592-1.10a (MiKTeX 2.2) (preloaded format=latex 2000.11.28)  22 JUL 2003 17:17
**C:/Documents*and*Settings/aolivo/Escritorio/repaso/llestadistica.tex
(C:/Documents and Settings/aolivo/Escritorio/repaso/llestadistica.tex{pdftex.cf
g}
LaTeX2e <2001/06/01>
Babel <v3.7h> and hyphenation patterns for spanish, loaded.
(C:\texmf\tex\latex\base\article.cls
Document Class: article 2001/04/21 v1.4e Standard LaTeX document class
(C:\texmf\tex\latex\base\size10.clo
File: size10.clo 2001/04/21 v1.4e Standard LaTeX file (size option)
)
\c@part=\count79
\c@section=\count80
\c@subsection=\count81
\c@subsubsection=\count82
\c@paragraph=\count83
\c@subparagraph=\count84
\c@figure=\count85
\c@table=\count86
\abovecaptionskip=\skip41
\belowcaptionskip=\skip42
\bibindent=\dimen102
) (C:\texmf\tex\latex\amsmath\amsmath.sty
Package: amsmath 2000/07/18 v2.13 AMS math features
\@mathmargin=\skip43

For additional information on amsmath, use the `?' option.
(C:\texmf\tex\latex\amsmath\amstext.sty
Package: amstext 2000/06/29 v2.01
 (C:\texmf\tex\latex\amsmath\amsgen.sty
File: amsgen.sty 1999/11/30 v2.0
\@emptytoks=\toks14
\ex@=\dimen103
)) (C:\texmf\tex\latex\amsmath\amsbsy.sty
Package: amsbsy 1999/11/29 v1.2d
\pmbraise@=\dimen104
)
(C:\texmf\tex\latex\amsmath\amsopn.sty
Package: amsopn 1999/12/14 v2.01 operator names
)
\inf@bad=\count87
LaTeX Info: Redefining \frac on input line 211.
\uproot@=\count88
\leftroot@=\count89
LaTeX Info: Redefining \overline on input line 307.
\classnum@=\count90
\DOTSCASE@=\count91
LaTeX Info: Redefining \ldots on input line 379.
LaTeX Info: Redefining \dots on input line 382.
LaTeX Info: Redefining \cdots on input line 467.
\Mathstrutbox@=\box26
\strutbox@=\box27
\big@size=\dimen105
LaTeX Font Info:    Redeclaring font encoding OML on input line 567.
LaTeX Font Info:    Redeclaring font encoding OMS on input line 568.
\macc@depth=\count92
\c@MaxMatrixCols=\count93
\dotsspace@=\muskip10
\c@parentequation=\count94
\dspbrk@lvl=\count95
\tag@help=\toks15
\row@=\count96
\column@=\count97
\maxfields@=\count98
\andhelp@=\toks16
\eqnshift@=\dimen106
\alignsep@=\dimen107
\tagshift@=\dimen108
\tagwidth@=\dimen109
\totwidth@=\dimen110
\lineht@=\dimen111
\@envbody=\toks17
\multlinegap=\skip44
\multlinetaggap=\skip45
\mathdisplay@stack=\toks18
LaTeX Info: Redefining \[ on input line 2666.
LaTeX Info: Redefining \] on input line 2667.
)
(C:\texmf\tex\latex\graphics\graphicx.sty
Package: graphicx 1999/02/16 v1.0f Enhanced LaTeX Graphics (DPC,SPQR)

(C:\texmf\tex\latex\graphics\keyval.sty
Package: keyval 1999/03/16 v1.13 key=value parser (DPC)
\KV@toks@=\toks19
)
(C:\texmf\tex\latex\graphics\graphics.sty
Package: graphics 2001/07/07 v1.0n Standard LaTeX Graphics (DPC,SPQR)
 (C:\texmf\tex\latex\graphics\trig.sty
Package: trig 1999/03/16 v1.09 sin cos tan (DPC)
) (C:\texmf\tex\latex\00miktex\graphics.cfg)
Package graphics Info: Driver file: pdftex.def on input line 80.

(C:\texmf\tex\latex\graphics\pdftex.def
File: pdftex.def 2001/11/29 v0.03i graphics/color for pdftex
\Gread@gobject=\count99
))
\Gin@req@height=\dimen112
\Gin@req@width=\dimen113
)
(C:\texmf\tex\generic\Babel\babel.sty
Package: babel 2001/03/01 v3.7h The Babel package
 (C:\texmf\tex\generic\Babel\spanish.ldf
Language: spanish.ldf 2001/01/30 v4.1c Spanish support from the babel system

(C:\texmf\tex\generic\Babel\babel.def
File: babel.def 2001/03/01 v3.7h Babel common definitions
\babel@savecnt=\count100
\U@D=\dimen114
)
\es@quottoks=\toks20
\es@quotdepth=\count101
Package babel Info: Making . an active character on input line 464.
Package babel Info: Making " an active character on input line 495.
Package babel Info: Making < an active character on input line 581.
Package babel Info: Making > an active character on input line 582.
Package babel Info: Making ' an active character on input line 630.
)) (C:\texmf\tex\latex\psnfss\pifont.sty
Package: pifont 2002/09/08 PSNFSS-v9.0a Pi font support (SPQR) 
LaTeX Font Info:    Try loading font information for U+pzd on input line 62.

(C:\texmf\tex\latex\psnfss\upzd.fd
File: upzd.fd 2001/06/04 font definitions for U/pzd.
)
LaTeX Font Info:    Try loading font information for U+psy on input line 63.
 (C:\texmf\tex\latex\psnfss\upsy.fd
File: upsy.fd 2001/06/04 font definitions for U/psy.
))
(C:\texmf\tex\latex\base\inputenc.sty
Package: inputenc 2001/07/10 v0.99a Input encoding file 
 (C:\texmf\tex\latex\base\latin1.def
File: latin1.def 2001/07/10 v0.99a Input encoding file 
))
(C:\texmf\tex\latex\pdfslide\pdfslide.sty
Package: pdfslide 1999/10/10 v0.50 slides with PDF (CVR)

(C:\texmf\tex\latex\carlisle\colortbl.sty
Package: colortbl 1999/03/24 v0.1i Color table columns (DPC)
 (C:\texmf\tex\latex\tools\array.sty
Package: array 1998/05/13 v2.3m Tabular extension package (FMi)
\col@sep=\dimen115
\extrarowheight=\dimen116
\NC@list=\toks21
\extratabsurround=\skip46
\backup@length=\skip47
)
(C:\texmf\tex\latex\graphics\color.sty
Package: color 1999/02/16 v1.0i Standard LaTeX Color (DPC)
 (C:\texmf\tex\latex\00miktex\color.cfg)
Package color Info: Driver file: pdftex.def on input line 125.
)
\everycr=\toks22
\minrowclearance=\skip48
) (C:\texmf\tex\latex\amsfonts\amssymb.sty
Package: amssymb 2002/01/22 v2.2d

(C:\texmf\tex\latex\amsfonts\amsfonts.sty
Package: amsfonts 2001/10/25 v2.2f
\symAMSa=\mathgroup4
\symAMSb=\mathgroup5
LaTeX Font Info:    Overwriting math alphabet `\mathfrak' in version `bold'
(Font)                  U/euf/m/n --> U/euf/b/n on input line 132.
))
(C:\texmf\tex\latex\fancybox\fancybox.sty
Package: fancybox 2000/09/19 1.3

Style option: `fancybox' v1.3 <2000/09/19> (tvz)
\@fancybox=\box28
\shadowsize=\dimen117
\@Sbox=\box29
\do@VerbBox=\toks23
\the@fancyput=\toks24
\this@fancyput=\toks25
\EndVerbatimTokens=\toks26
\Verbatim@Outfile=\write3
\Verbatim@Infile=\read1
) (C:\texmf\tex\latex\hyperref\hyperref.sty
Package: hyperref 2003/01/22 v6.73n Hypertext links for LaTeX
\@linkdim=\dimen118
\Hy@linkcounter=\count102
\Hy@pagecounter=\count103

(C:\texmf\tex\latex\hyperref\pd1enc.def
File: pd1enc.def 2003/01/22 v6.73n Hyperref: PDFDocEncoding definition (HO)
)
(C:\texmf\tex\latex\00miktex\hyperref.cfg)
Package hyperref Info: Option `colorlinks' set `true' on input line 1744.
Package hyperref Info: Option `pdfmenubar' set `false' on input line 1744.
Package hyperref Info: Option `pdftoolbar' set `false' on input line 1744.
Package hyperref Info: Option `pdffitwindow' set `true' on input line 1744.
Package hyperref Info: Option `pdfcenterwindow' set `true' on input line 1744.
Package hyperref Info: Option `pdfwindowui' set `false' on input line 1744.
Package hyperref Info: Hyper figures OFF on input line 1792.
Package hyperref Info: Link nesting OFF on input line 1797.
Package hyperref Info: Hyper index ON on input line 1800.
Package hyperref Info: Plain pages ON on input line 1805.
Package hyperref Info: Backreferencing OFF on input line 1812.

Implicit mode ON; LaTeX internals redefined
Package hyperref Info: Bookmarks ON on input line 1916.
(C:\texmf\tex\latex\ltxmisc\url.sty
\Urlmuskip=\muskip11
Package: url 1999/03/28  ver 1.5x  Verb mode for urls, etc.
)
LaTeX Info: Redefining \url on input line 2055.
\Fld@menulength=\count104
\Field@Width=\dimen119
\Fld@charsize=\dimen120
\Choice@toks=\toks27
\Field@toks=\toks28
Package hyperref Info: Hyper figures OFF on input line 2513.
Package hyperref Info: Link nesting OFF on input line 2518.
Package hyperref Info: Hyper index ON on input line 2521.
Package hyperref Info: backreferencing OFF on input line 2528.
Package hyperref Info: Link coloring ON on input line 2531.
\c@Item=\count105
\c@Hfootnote=\count106
)
*hyperref using driver hpdftex*
(C:\texmf\tex\latex\hyperref\hpdftex.def
File: hpdftex.def 2003/01/22 v6.73n Hyperref driver for pdfTeX
\Fld@listcount=\count107
\@outlinefile=\write4
) (C:\texmf\tex\latex\base\ifthen.sty
Package: ifthen 2001/05/26 v1.1c Standard LaTeX ifthen package (DPC)
)
\@Leftmargin=\dimen121
\@Rightmargin=\dimen122
\@Topmargin=\dimen123
\@Bottommargin=\dimen124

(C:\texmf\tex\latex\pdfslide\slide.clo

LaTeX Font Warning: Font shape `OT1/cmr/m/n' in size <16> not available
(Font)              size <17.28> substituted on input line 34.

\chapnumfont=\toks29
\chapfont=\toks30
\secfont=\toks31
\ssecfont=\toks32
\sssecfont=\toks33
\parafont=\toks34
)
\panelwidth=\skip49
\panelheight=\skip50
\textareawidth=\skip51
\textareaheight=\skip52
Package color Info: Redefining color panelbackground on input line 235.
\headskip=\dimen125
) (C:\localtexmf\localtexmf\tex\latex\pdfscreen\pause.sty)
(C:\texmf\tex\latex\fancyvrb\fvrb-ex.sty
Package: fvrb-ex 1998/03/26

`fvrb-ex' v1.7, 1998/03/26 (Denis Girou)
(C:\texmf\tex\latex\fancyvrb\fancyvrb.sty
Package: fancyvrb 1998/07/17

Style option: `fancyvrb' v2.6, with DG/SPQR fixes <1998/07/17> (tvz)
\FV@CodeLineNo=\count108
\FV@InFile=\read2
\FV@TabBox=\box30
\c@FancyVerbLine=\count109
\FV@StepNumber=\count110
\FV@OutFile=\write5

No file fancyvrb.cfg.
)
\ttyin=\read3
) (C:\texmf\tex\latex\zahlen.sty
Style-Option: `Zahl-Mengen' v1.1a   <2.3.88> (F.M.)
)
\c@theorem=\count111
\c@corollary=\count112
\c@definition=\count113
\c@example=\count114
\c@lemma=\count115
\c@proposition=\count116
\c@remark=\count117
\c@solution=\count118
 (llestadistica.aux (repaso6.aux) (repaso7.aux

LaTeX Warning: Label `' multiply defined.


LaTeX Warning: Label `' multiply defined.


LaTeX Warning: Label `' multiply defined.


LaTeX Warning: Label `' multiply defined.

))
LaTeX Font Info:    Checking defaults for OML/cmm/m/it on input line 42.
LaTeX Font Info:    ... okay on input line 42.
LaTeX Font Info:    Checking defaults for T1/cmr/m/n on input line 42.
LaTeX Font Info:    ... okay on input line 42.
LaTeX Font Info:    Checking defaults for OT1/cmr/m/n on input line 42.
LaTeX Font Info:    ... okay on input line 42.
LaTeX Font Info:    Checking defaults for OMS/cmsy/m/n on input line 42.
LaTeX Font Info:    ... okay on input line 42.
LaTeX Font Info:    Checking defaults for OMX/cmex/m/n on input line 42.
LaTeX Font Info:    ... okay on input line 42.
LaTeX Font Info:    Checking defaults for U/cmr/m/n on input line 42.
LaTeX Font Info:    ... okay on input line 42.
LaTeX Font Info:    Checking defaults for PD1/pdf/m/n on input line 42.
LaTeX Font Info:    ... okay on input line 42.
 (C:\texmf\tex\context\base\supp-pdf.tex
(C:\texmf\tex\context\base\supp-mis.tex
loading : Context Support Macros / Missing
\protectiondepth=\count119
\scratchcounter=\count120
\scratchdimen=\dimen126
\scratchskip=\skip53
\scratchmuskip=\muskip12
\scratchbox=\box31
\scratchread=\read4
\scratchwrite=\write6
\nextbox=\box32
\nextdepth=\dimen127
\everyline=\toks35
\!!counta=\count121
\!!countb=\count122
\recursecounter=\count123
)
loading : Context Support Macros / PDF
\nofMPsegments=\count124
\nofMParguments=\count125
)
Package hyperref Info: Link coloring ON on input line 42.
 (C:\texmf\tex\latex\hyperref\nameref.sty
Package: nameref 2001/01/27 v2.19 Cross-referencing by name of section
\c@section@level=\count126
)
LaTeX Info: Redefining \ref on input line 42.
LaTeX Info: Redefining \pageref on input line 42.
 (llestadistica.out)
(llestadistica.out)

LaTeX Font Warning: Font shape `OT1/cmr/m/n' in size <40> not available
(Font)              size <24.88> substituted on input line 52.


LaTeX Font Warning: Font shape `OT1/cmss/m/n' in size <40> not available
(Font)              size <24.88> substituted on input line 52.


LaTeX Font Warning: Font shape `OT1/cmr/m/n' in size <24> not available
(Font)              size <24.88> substituted on input line 52.


LaTeX Font Warning: Font shape `OT1/cmr/bx/n' in size <24> not available
(Font)              size <24.88> substituted on input line 52.


LaTeX Font Warning: Font shape `OT1/cmss/bx/n' in size <13> not available
(Font)              size <12> substituted on input line 52.

LaTeX Font Info:    Try loading font information for OMS+cmss on input line 52.

LaTeX Font Info:    No file OMScmss.fd. on input line 52.

LaTeX Font Warning: Font shape `OMS/cmss/bx/n' undefined
(Font)              using `OMS/cmsy/m/n' instead on input line 52.


LaTeX Font Warning: Font shape `OMS/cmsy/m/n' in size <13> not available
(Font)              size <12> substituted on input line 52.


LaTeX Font Warning: Font shape `OMS/cmss/bx/n' in size <13> not available
(Font)              size <12> substituted on input line 52.

<estadis1.png, id=23, 722.7pt x 542.025pt>
File: estadis1.png Graphic file (type png)
 <use estadis1.png>
<logofoto.png, id=24, 110.4125pt x 110.4125pt>
! Missing number, treated as zero.
<to be read again> 
                   \relax 
l.52  \maketitle
                
A number should have been here; I inserted `0'.
(If you can't figure out why I needed to see a number,
look up `weird error' in the index to The TeXbook.)

! Illegal unit of measure (pt inserted).
<to be read again> 
                   \relax 
l.52  \maketitle
                
Dimensions can be in units of em, ex, in, pt, pc,
cm, mm, dd, cc, bp, or sp; but yours is a new one!
I'll assume that you meant to say pt, for printer's points.
To recover gracefully from this error, it's best to
delete the erroneous units; e.g., type `2' to delete
two letters. (See Chapter 27 of The TeXbook.)

File: logofoto.png Graphic file (type png)
<use logofoto.png>
Overfull \hbox (4.87375pt too wide) has occurred while \output is active
 [] 
 []


LaTeX Font Warning: Font shape `OT1/cmss/m/n' in size <16> not available
(Font)              size <17.28> substituted on input line 52.

LaTeX Font Info:    Calculating math sizes for size <16> on input line 52.

LaTeX Font Warning: Font shape `OML/cmm/m/it' in size <16> not available
(Font)              size <17.28> substituted on input line 52.


LaTeX Font Warning: Font shape `OMS/cmsy/m/n' in size <16> not available
(Font)              size <17.28> substituted on input line 52.


LaTeX Font Warning: Font shape `OMX/cmex/m/n' in size <16> not available
(Font)              size <17.28> substituted on input line 52.

LaTeX Font Info:    Try loading font information for U+msa on input line 52.
(C:\texmf\tex\latex\amsfonts\umsa.fd
File: umsa.fd 2002/01/19 v2.2g AMS font definitions
)

LaTeX Font Warning: Font shape `U/msa/m/n' in size <16> not available
(Font)              size <17.28> substituted on input line 52.

LaTeX Font Info:    Try loading font information for U+msb on input line 52.
(C:\texmf\tex\latex\amsfonts\umsb.fd
File: umsb.fd 2002/01/19 v2.2g AMS font definitions
)

LaTeX Font Warning: Font shape `U/msb/m/n' in size <16> not available
(Font)              size <17.28> substituted on input line 52.

[1{ÿpsfonts.map}


 <estadis1.png> <logofoto.png>]
<figuras/estadis1.png, id=59, 722.7pt x 542.025pt>
File: figuras/estadis1.png Graphic file (type png)
 <use figuras/estadis1.png>
<metagreen.pdf, id=60, 133.49875pt x 505.89pt>
File: metagreen.pdf Graphic file (type pdf)
 <use metagreen.pdf> [2

 <figuras/estadis1.png> <C:\texmf\tex\latex\pdfslide\metagreen.pdf>] (repaso6.t
ex

LaTeX Font Warning: Font shape `OT1/cmss/bx/it' undefined
(Font)              using `OT1/cmss/bx/n' instead on input line 13.

! Argument of \es@accent has an extra }.
<inserted text> 
                \par 
l.17 n pruebas y con probabilidad de tener \\[\']
                                                 {e}xito en cualquier prueba
I've run across a `}' that doesn't seem to match anything.
For example, `\def\a#1{...}' and `\a}' would produce
this error. If you simply proceed now, the `\par' that
I've just inserted will cause me to report a runaway
argument that might be the root of the problem. But if
your `}' was spurious, just type `2' and it will go away.

! Missing number, treated as zero.
<to be read again> 
                   \penalty 
l.17 n pruebas y con probabilidad de tener \\[\']
                                                 {e}xito en cualquier prueba
A number should have been here; I inserted `0'.
(If you can't figure out why I needed to see a number,
look up `weird error' in the index to The TeXbook.)

! Illegal unit of measure (pt inserted).
<to be read again> 
                   \penalty 
l.17 n pruebas y con probabilidad de tener \\[\']
                                                 {e}xito en cualquier prueba
Dimensions can be in units of em, ex, in, pt, pc,
cm, mm, dd, cc, bp, or sp; but yours is a new one!
I'll assume that you meant to say pt, for printer's points.
To recover gracefully from this error, it's best to
delete the erroneous units; e.g., type `2' to delete
two letters. (See Chapter 27 of The TeXbook.)

File: figuras/estadis1.png Graphic file (type png)
<use figuras/estadis1.png>
! Missing number, treated as zero.
<to be read again> 
                   \relax 
l.25 \end{align*}
                 
A number should have been here; I inserted `0'.
(If you can't figure out why I needed to see a number,
look up `weird error' in the index to The TeXbook.)

! Illegal unit of measure (pt inserted).
<to be read again> 
                   \relax 
l.25 \end{align*}
                 
Dimensions can be in units of em, ex, in, pt, pc,
cm, mm, dd, cc, bp, or sp; but yours is a new one!
I'll assume that you meant to say pt, for printer's points.
To recover gracefully from this error, it's best to
delete the erroneous units; e.g., type `2' to delete
two letters. (See Chapter 27 of The TeXbook.)

File: logofoto.png Graphic file (type png)
<use logofoto.png>
Overfull \hbox (4.87375pt too wide) has occurred while \output is active
 [] 
 []

[3



]
Underfull \hbox (badness 10000) in paragraph at lines 31--32

 []


Underfull \hbox (badness 10000) in paragraph at lines 33--35

 []

File: figuras/estadis1.png Graphic file (type png)
<use figuras/estadis1.png>
File: metagreen.pdf Graphic file (type pdf)
 <use metagreen.pdf>

LaTeX Font Warning: Font shape `OT1/cmr/m/it' in size <16> not available
(Font)              size <17.28> substituted on input line 44.

[4]
! Missing number, treated as zero.
<to be read again> 
                   D
l.46 grados de libertad.\\[D]
                             onde $\mu=k$ y $\sigma^{2}=2k,$ si \[ k\longrig...
A number should have been here; I inserted `0'.
(If you can't figure out why I needed to see a number,
look up `weird error' in the index to The TeXbook.)

! Illegal unit of measure (pt inserted).
<to be read again> 
                   D
l.46 grados de libertad.\\[D]
                             onde $\mu=k$ y $\sigma^{2}=2k,$ si \[ k\longrig...
Dimensions can be in units of em, ex, in, pt, pc,
cm, mm, dd, cc, bp, or sp; but yours is a new one!
I'll assume that you meant to say pt, for printer's points.
To recover gracefully from this error, it's best to
delete the erroneous units; e.g., type `2' to delete
two letters. (See Chapter 27 of The TeXbook.)

! Double subscript.
l.48 funci\'{o}n de densidad es : \[ f_\chi_
                                            \alpha,k\left\{
I treat `x_1_2' essentially like `x_1{}_2'.

File: figuras/estadis1.png Graphic file (type png)
<use figuras/estadis1.png>
! Missing number, treated as zero.
<to be read again> 
                   \relax 
l.64 ...entes, entonces la variable aleatoria . \[
                                                   T=\frac{Z}%
A number should have been here; I inserted `0'.
(If you can't figure out why I needed to see a number,
look up `weird error' in the index to The TeXbook.)

! Illegal unit of measure (pt inserted).
<to be read again> 
                   \relax 
l.64 ...entes, entonces la variable aleatoria . \[
                                                   T=\frac{Z}%
Dimensions can be in units of em, ex, in, pt, pc,
cm, mm, dd, cc, bp, or sp; but yours is a new one!
I'll assume that you meant to say pt, for printer's points.
To recover gracefully from this error, it's best to
delete the erroneous units; e.g., type `2' to delete
two letters. (See Chapter 27 of The TeXbook.)

File: logofoto.png Graphic file (type png)
<use logofoto.png>
Overfull \hbox (4.87375pt too wide) has occurred while \output is active
 [] 
 []

[5]
Underfull \hbox (badness 10000) in paragraph at lines 70--72

 []


Overfull \hbox (9.4775pt too wide) in paragraph at lines 76--77
[]/cmbxti10@17.28pt/Sean W y Y va-ria-bles alea-to-rias JI-cuadrado
 []

File: figuras/estadis1.png Graphic file (type png)
<use figuras/estadis1.png>
File: metagreen.pdf Graphic file (type pdf)
 <use metagreen.pdf> [6])
File: figuras/estadis1.png Graphic file (type png)
 <use figuras/estadis1.png>
! Missing number, treated as zero.
<to be read again> 
                   \relax 
l.57 ...extbf{\include{repaso6} \include{repaso7}}
                                                  }
A number should have been here; I inserted `0'.
(If you can't figure out why I needed to see a number,
look up `weird error' in the index to The TeXbook.)

! Illegal unit of measure (pt inserted).
<to be read again> 
                   \relax 
l.57 ...extbf{\include{repaso6} \include{repaso7}}
                                                  }
Dimensions can be in units of em, ex, in, pt, pc,
cm, mm, dd, cc, bp, or sp; but yours is a new one!
I'll assume that you meant to say pt, for printer's points.
To recover gracefully from this error, it's best to
delete the erroneous units; e.g., type `2' to delete
two letters. (See Chapter 27 of The TeXbook.)

File: logofoto.png Graphic file (type png)
<use logofoto.png>
Overfull \hbox (4.87375pt too wide) has occurred while \output is active
 [] 
 []

[7]
File: figuras/estadis1.png Graphic file (type png)
 <use figuras/estadis1.png>
File: metagreen.pdf Graphic file (type pdf)
 <use metagreen.pdf> [8] (repaso7.tex
File: figuras/estadis1.png Graphic file (type png)

<use figuras/estadis1.png>
! Missing number, treated as zero.
<to be read again> 
                   \relax 
l.11 \section
             {Pruebas de bondad de ajuste}
A number should have been here; I inserted `0'.
(If you can't figure out why I needed to see a number,
look up `weird error' in the index to The TeXbook.)

! Illegal unit of measure (pt inserted).
<to be read again> 
                   \relax 
l.11 \section
             {Pruebas de bondad de ajuste}
Dimensions can be in units of em, ex, in, pt, pc,
cm, mm, dd, cc, bp, or sp; but yours is a new one!
I'll assume that you meant to say pt, for printer's points.
To recover gracefully from this error, it's best to
delete the erroneous units; e.g., type `2' to delete
two letters. (See Chapter 27 of The TeXbook.)

File: logofoto.png Graphic file (type png)
<use logofoto.png>
Overfull \hbox (4.87375pt too wide) has occurred while \output is active
 [] 
 []

[9



]
File: figuras/estadis1.png Graphic file (type png)
 <use figuras/estadis1.png>
File: metagreen.pdf Graphic file (type pdf)
 <use metagreen.pdf> [10

]
File: figuras/estadis1.png Graphic file (type png)

<use figuras/estadis1.png>
! Missing number, treated as zero.
<to be read again> 
                   \relax 
l.51 \]
       
A number should have been here; I inserted `0'.
(If you can't figure out why I needed to see a number,
look up `weird error' in the index to The TeXbook.)

! Illegal unit of measure (pt inserted).
<to be read again> 
                   \relax 
l.51 \]
       
Dimensions can be in units of em, ex, in, pt, pc,
cm, mm, dd, cc, bp, or sp; but yours is a new one!
I'll assume that you meant to say pt, for printer's points.
To recover gracefully from this error, it's best to
delete the erroneous units; e.g., type `2' to delete
two letters. (See Chapter 27 of The TeXbook.)

File: logofoto.png Graphic file (type png)
<use logofoto.png>
Overfull \hbox (4.87375pt too wide) has occurred while \output is active
 [] 
 []

[11]
File: figuras/estadis1.png Graphic file (type png)
 <use figuras/estadis1.png>
File: metagreen.pdf Graphic file (type pdf)
 <use metagreen.pdf> [12]
File: figuras/estadis1.png Graphic file (type png)

<use figuras/estadis1.png>
! Missing number, treated as zero.
<to be read again> 
                   \relax 
l.89 \end{align*}
                 
A number should have been here; I inserted `0'.
(If you can't figure out why I needed to see a number,
look up `weird error' in the index to The TeXbook.)

! Illegal unit of measure (pt inserted).
<to be read again> 
                   \relax 
l.89 \end{align*}
                 
Dimensions can be in units of em, ex, in, pt, pc,
cm, mm, dd, cc, bp, or sp; but yours is a new one!
I'll assume that you meant to say pt, for printer's points.
To recover gracefully from this error, it's best to
delete the erroneous units; e.g., type `2' to delete
two letters. (See Chapter 27 of The TeXbook.)

File: logofoto.png Graphic file (type png)
<use logofoto.png>
Overfull \hbox (4.87375pt too wide) has occurred while \output is active
 [] 
 []

[13]
File: figuras/estadis1.png Graphic file (type png)
 <use figuras/estadis1.png>
File: metagreen.pdf Graphic file (type pdf)
 <use metagreen.pdf> [14]
File: figuras/estadis1.png Graphic file (type png)

<use figuras/estadis1.png>
! Missing number, treated as zero.
<to be read again> 
                   \relax 
l.124 \]
        
A number should have been here; I inserted `0'.
(If you can't figure out why I needed to see a number,
look up `weird error' in the index to The TeXbook.)

! Illegal unit of measure (pt inserted).
<to be read again> 
                   \relax 
l.124 \]
        
Dimensions can be in units of em, ex, in, pt, pc,
cm, mm, dd, cc, bp, or sp; but yours is a new one!
I'll assume that you meant to say pt, for printer's points.
To recover gracefully from this error, it's best to
delete the erroneous units; e.g., type `2' to delete
two letters. (See Chapter 27 of The TeXbook.)

File: logofoto.png Graphic file (type png)
<use logofoto.png>
Overfull \hbox (4.87375pt too wide) has occurred while \output is active
 [] 
 []

[15]
File: figuras/estadis1.png Graphic file (type png)
 <use figuras/estadis1.png>
File: metagreen.pdf Graphic file (type pdf)
 <use metagreen.pdf> [16]
File: figuras/estadis1.png Graphic file (type png)

<use figuras/estadis1.png>
! Missing number, treated as zero.
<to be read again> 
                   \relax 
l.144 \section
              {Modelos lineales}%
A number should have been here; I inserted `0'.
(If you can't figure out why I needed to see a number,
look up `weird error' in the index to The TeXbook.)

! Illegal unit of measure (pt inserted).
<to be read again> 
                   \relax 
l.144 \section
              {Modelos lineales}%
Dimensions can be in units of em, ex, in, pt, pc,
cm, mm, dd, cc, bp, or sp; but yours is a new one!
I'll assume that you meant to say pt, for printer's points.
To recover gracefully from this error, it's best to
delete the erroneous units; e.g., type `2' to delete
two letters. (See Chapter 27 of The TeXbook.)

File: logofoto.png Graphic file (type png)
<use logofoto.png>
Overfull \hbox (4.87375pt too wide) has occurred while \output is active
 [] 
 []

[17]
File: figuras/estadis1.png Graphic file (type png)
 <use figuras/estadis1.png>
File: metagreen.pdf Graphic file (type pdf)
 <use metagreen.pdf> [18

]
File: figuras/estadis1.png Graphic file (type png)

<use figuras/estadis1.png>
! Missing number, treated as zero.
<to be read again> 
                   \relax 
l.191 \end{enumerate}
                     
A number should have been here; I inserted `0'.
(If you can't figure out why I needed to see a number,
look up `weird error' in the index to The TeXbook.)

! Illegal unit of measure (pt inserted).
<to be read again> 
                   \relax 
l.191 \end{enumerate}
                     
Dimensions can be in units of em, ex, in, pt, pc,
cm, mm, dd, cc, bp, or sp; but yours is a new one!
I'll assume that you meant to say pt, for printer's points.
To recover gracefully from this error, it's best to
delete the erroneous units; e.g., type `2' to delete
two letters. (See Chapter 27 of The TeXbook.)

File: logofoto.png Graphic file (type png)
<use logofoto.png>
Overfull \hbox (4.87375pt too wide) has occurred while \output is active
 [] 
 []

[19]

LaTeX Warning: File `../Tacho/lineal.wmf' not found on input line 213.


! LaTeX Error: Unknown graphics extension: .wmf.

See the LaTeX manual or LaTeX Companion for explanation.
Type  H <return>  for immediate help.
 ...                                              
                                                  
l.213 {../Tacho/lineal.wmf}
                           %
Try typing  <return>  to proceed.
If that doesn't work, type  X <return>  to quit.


! LaTeX Error: There's no line here to end.

See the LaTeX manual or LaTeX Companion for explanation.
Type  H <return>  for immediate help.
 ...                                              
                                                  
l.214 \\
        
Your command was ignored.
Type  I <command> <return>  to replace it with another command,
or  <return>  to continue without it.

File: figuras/estadis1.png Graphic file (type png)
<use figuras/estadis1.png>
File: metagreen.pdf Graphic file (type pdf)
 <use metagreen.pdf> [20]
File: figuras/estadis1.png Graphic file (type png)
 <use figuras/estadis1.png>
! Missing number, treated as zero.
<to be read again> 
                   \relax 
l.253 \end{align*}
                  
A number should have been here; I inserted `0'.
(If you can't figure out why I needed to see a number,
look up `weird error' in the index to The TeXbook.)

! Illegal unit of measure (pt inserted).
<to be read again> 
                   \relax 
l.253 \end{align*}
                  
Dimensions can be in units of em, ex, in, pt, pc,
cm, mm, dd, cc, bp, or sp; but yours is a new one!
I'll assume that you meant to say pt, for printer's points.
To recover gracefully from this error, it's best to
delete the erroneous units; e.g., type `2' to delete
two letters. (See Chapter 27 of The TeXbook.)

File: logofoto.png Graphic file (type png)
<use logofoto.png>
Overfull \hbox (4.87375pt too wide) has occurred while \output is active
 [] 
 []

[21]

LaTeX Font Warning: Font shape `OT1/cmr/bx/n' in size <16> not available
(Font)              size <17.28> substituted on input line 269.


LaTeX Font Warning: Font shape `OT1/cmss/bx/n' in size <16> not available
(Font)              size <17.28> substituted on input line 269.


LaTeX Font Warning: Font shape `OT1/cmss/bx/it' in size <16> not available
(Font)              size <17.28> substituted on input line 269.

File: figuras/estadis1.png Graphic file (type png)
<use figuras/estadis1.png>
File: metagreen.pdf Graphic file (type pdf)
 <use metagreen.pdf> [22]
File: figuras/estadis1.png Graphic file (type png)
 <use figuras/estadis1.png>
! Missing number, treated as zero.
<to be read again> 
                   \relax 
l.300 \subsection
                 {Prueba de hip\'{o}tesis}
A number should have been here; I inserted `0'.
(If you can't figure out why I needed to see a number,
look up `weird error' in the index to The TeXbook.)

! Illegal unit of measure (pt inserted).
<to be read again> 
                   \relax 
l.300 \subsection
                 {Prueba de hip\'{o}tesis}
Dimensions can be in units of em, ex, in, pt, pc,
cm, mm, dd, cc, bp, or sp; but yours is a new one!
I'll assume that you meant to say pt, for printer's points.
To recover gracefully from this error, it's best to
delete the erroneous units; e.g., type `2' to delete
two letters. (See Chapter 27 of The TeXbook.)

File: logofoto.png Graphic file (type png)
<use logofoto.png>
Overfull \hbox (4.87375pt too wide) has occurred while \output is active
 [] 
 []

[23]
File: figuras/estadis1.png Graphic file (type png)
 <use figuras/estadis1.png>
File: metagreen.pdf Graphic file (type pdf)
 <use metagreen.pdf> [24]
File: figuras/estadis1.png Graphic file (type png)

<use figuras/estadis1.png>
! Missing number, treated as zero.
<to be read again> 
                   \relax 
l.344 \item P
             ara $\beta_{1}$ es
A number should have been here; I inserted `0'.
(If you can't figure out why I needed to see a number,
look up `weird error' in the index to The TeXbook.)

! Illegal unit of measure (pt inserted).
<to be read again> 
                   \relax 
l.344 \item P
             ara $\beta_{1}$ es
Dimensions can be in units of em, ex, in, pt, pc,
cm, mm, dd, cc, bp, or sp; but yours is a new one!
I'll assume that you meant to say pt, for printer's points.
To recover gracefully from this error, it's best to
delete the erroneous units; e.g., type `2' to delete
two letters. (See Chapter 27 of The TeXbook.)

File: logofoto.png Graphic file (type png)
<use logofoto.png>
Overfull \hbox (4.87375pt too wide) has occurred while \output is active
 [] 
 []

[25]
File: figuras/estadis1.png Graphic file (type png)
 <use figuras/estadis1.png>
File: metagreen.pdf Graphic file (type pdf)
 <use metagreen.pdf> [26]
File: figuras/estadis1.png Graphic file (type png)

<use figuras/estadis1.png>
! Missing number, treated as zero.
<to be read again> 
                   \relax 
l.383 \begin{thebibliography}{9}
                                                                            ...
A number should have been here; I inserted `0'.
(If you can't figure out why I needed to see a number,
look up `weird error' in the index to The TeXbook.)

! Illegal unit of measure (pt inserted).
<to be read again> 
                   \relax 
l.383 \begin{thebibliography}{9}
                                                                            ...
Dimensions can be in units of em, ex, in, pt, pc,
cm, mm, dd, cc, bp, or sp; but yours is a new one!
I'll assume that you meant to say pt, for printer's points.
To recover gracefully from this error, it's best to
delete the erroneous units; e.g., type `2' to delete
two letters. (See Chapter 27 of The TeXbook.)

File: logofoto.png Graphic file (type png)
<use logofoto.png>
Overfull \hbox (4.87375pt too wide) has occurred while \output is active
 [] 
 []

[27])
File: figuras/estadis1.png Graphic file (type png)
 <use figuras/estadis1.png>
File: metagreen.pdf Graphic file (type pdf)
 <use metagreen.pdf> [28


! pdfTeX warning (ext4): destination with the same identifier (name{cite.}) has
 been already used, duplicate ignored
<to be read again> 
                   \endgroup 
l.57 ...extbf{\include{repaso6} \include{repaso7}}
                                                  }
! pdfTeX warning (ext4): destination with the same identifier (name{cite.}) has
 been already used, duplicate ignored
<to be read again> 
                   \endgroup 
l.57 ...extbf{\include{repaso6} \include{repaso7}}
                                                  }
! pdfTeX warning (ext4): destination with the same identifier (name{cite.}) has
 been already used, duplicate ignored
<to be read again> 
                   \endgroup 
l.57 ...extbf{\include{repaso6} \include{repaso7}}
                                                  }
! pdfTeX warning (ext4): destination with the same identifier (name{cite.}) has
 been already used, duplicate ignored
<to be read again> 
                   \endgroup 
l.57 ...extbf{\include{repaso6} \include{repaso7}}
                                                  }] (llestadistica.aux
(repaso6.aux) (repaso7.aux))

LaTeX Font Warning: Size substitutions with differences
(Font)              up to 15.12pt have occurred.


LaTeX Font Warning: Some font shapes were not available, defaults substituted.


LaTeX Warning: There were multiply-defined labels.

 ) 
Here is how much of TeX's memory you used:
 5214 strings out of 95674
 62194 string characters out of 1191906
 129742 words of memory out of 1128433
 7750 multiletter control sequences out of 35000
 16350 words of font info for 59 fonts, out of 500000 for 1000
 2 hyphenation exceptions out of 607
 41i,16n,31p,289b,704s stack positions out of 1500i,500n,5000p,200000b,32768s
 413 PDF objects out of 65536
 55 named destinations out of 20000
 64 words of extra memory for PDF output out of 65536
<cmr10.pfb><cmmi10.pfb><msbm10.pfb><cmex10.pfb><cmr12.pfb><cmti12.pfb><cmmi12
.pfb><cmr17.pfb><cmbxti10.pfb><cmsy10.pfb><cmssbx10.pfb><cmbx12.pfb><cmss12.pfb
><cmss17.pfb><msam10.pfb><cmss10.pfb>
Output written on llestadistica.pdf (28 pages, 228727 bytes).
