This is TeX, Version 3.14159 (preloaded format=latex 0.2.28)  29 SEP 2003 10:31
**&latex_ml C:/repaso/Untitled2.tex
(C:/repaso/Untitled2.tex
LaTeX2e <1999/12/01> patch level 1
Babel <v3.6Z> and hyphenation patterns for american, english, french, german, n
german, loaded.
(C:\swp35\TCITeX\TeX\LaTeX\base\article.cls
Document Class: article 1999/09/10 v1.4a Standard LaTeX document class
(C:\swp35\TCITeX\TeX\LaTeX\base\size10.clo
File: size10.clo 1999/09/10 v1.4a Standard LaTeX file (size option)
)
\c@part=\count79
\c@section=\count80
\c@subsection=\count81
\c@subsubsection=\count82
\c@paragraph=\count83
\c@subparagraph=\count84
\c@figure=\count85
\c@table=\count86
\abovecaptionskip=\skip41
\belowcaptionskip=\skip42
\bibindent=\dimen102
)
(C:\swp35\TCITeX\TeX\LaTeX\packages\amsfonts\amsfonts.sty
Package: amsfonts 1997/09/17 v2.2e
\@emptytoks=\toks14
\symAMSa=\mathgroup4
\symAMSb=\mathgroup5
LaTeX Font Info:    Overwriting math alphabet `\mathfrak' in version `bold'
(Font)                  U/euf/m/n --> U/euf/b/n on input line 133.
)
(C:\swp35\TCITeX\TeX\LaTeX\amsmath\amsmath.sty
Package: amsmath 2000/01/15 v2.05 AMS math features
\@mathmargin=\skip43

For additional information on amsmath, use the `?' option.
(C:\swp35\TCITeX\TeX\LaTeX\amsmath\amstext.sty
Package: amstext 1999/11/15 v2.0

(C:\swp35\TCITeX\TeX\LaTeX\amsmath\amsgen.sty
File: amsgen.sty 1999/11/30 v2.0
\@emptytoks=\toks15
\ex@=\dimen103
))
(C:\swp35\TCITeX\TeX\LaTeX\amsmath\amsbsy.sty
Package: amsbsy 1999/11/29 v1.2d
\pmbraise@=\dimen104
)
(C:\swp35\TCITeX\TeX\LaTeX\amsmath\amsopn.sty
Package: amsopn 1999/12/14 v2.01 operator names
)
\inf@bad=\count87
LaTeX Info: Redefining \frac on input line 198.
\uproot@=\count88
\leftroot@=\count89
LaTeX Info: Redefining \overline on input line 302.
\classnum@=\count90
\DOTSCASE@=\count91
LaTeX Info: Redefining \ldots on input line 376.
LaTeX Info: Redefining \dots on input line 379.
LaTeX Info: Redefining \cdots on input line 464.
\Mathstrutbox@=\box26
\strutbox@=\box27
\big@size=\dimen105
LaTeX Font Info:    Redeclaring font encoding OML on input line 563.
LaTeX Font Info:    Redeclaring font encoding OMS on input line 564.
\macc@skew=\dimen106
\c@MaxMatrixCols=\count92
\dotsspace@=\muskip10
\c@parentequation=\count93
\dspbrk@lvl=\count94
\tag@help=\toks16
\row@=\count95
\column@=\count96
\maxfields@=\count97
\andhelp@=\toks17
\eqnshift@=\dimen107
\alignsep@=\dimen108
\tagshift@=\dimen109
\tagwidth@=\dimen110
\totwidth@=\dimen111
\lineht@=\dimen112
\@envbody=\toks18
\multlinegap=\skip44
\multlinetaggap=\skip45
LaTeX Info: Redefining \[ on input line 2594.
LaTeX Info: Redefining \] on input line 2595.
)
\c@theorem=\count98

(C:\swp35\TCITeX\TeX\LaTeX\tci\tcilatex.tex
TCILATEX Macros for Scientific Word 3.5 <3 Jan 2000>.
NOTICE: This macro file is NOT proprietary and may be freely copied and distrib
uted.
\@hour=\count99
\@minute=\count100
\GRAPHICSTYPE=\count101
\draft=\count102
\dispkind=\count103
\c@chapter=\count104
\theight=\dimen113
LaTeX Info: Redefining \rm on input line 599.
LaTeX Info: Redefining \sf on input line 600.
LaTeX Info: Redefining \tt on input line 601.
LaTeX Info: Redefining \bf on input line 602.
LaTeX Info: Redefining \it on input line 603.
LaTeX Info: Redefining \sl on input line 604.
LaTeX Info: Redefining \sc on input line 605.
\c@equationnumber=\count105
amsmath already loaded amsgen already loaded) (.\Untitled2.aux

LaTeX Warning: Label `' multiply defined.

)
LaTeX Font Info:    Checking defaults for OML/cmm/m/it on input line 39.
LaTeX Font Info:    ... okay on input line 39.
LaTeX Font Info:    Checking defaults for T1/cmr/m/n on input line 39.
LaTeX Font Info:    ... okay on input line 39.
LaTeX Font Info:    Checking defaults for OT1/cmr/m/n on input line 39.
LaTeX Font Info:    ... okay on input line 39.
LaTeX Font Info:    Checking defaults for OMS/cmsy/m/n on input line 39.
LaTeX Font Info:    ... okay on input line 39.
LaTeX Font Info:    Checking defaults for OMX/cmex/m/n on input line 39.
LaTeX Font Info:    ... okay on input line 39.
LaTeX Font Info:    Checking defaults for U/cmr/m/n on input line 39.
LaTeX Font Info:    ... okay on input line 39.
LaTeX Font Info:    Try loading font information for U+msa on input line 45.
 (C:\swp35\TCITeX\TeX\LaTeX\packages\amsfonts\umsa.fd
File: umsa.fd 1995/01/05 v2.2e AMS font definitions
)
LaTeX Font Info:    Try loading font information for U+msb on input line 45.

(C:\swp35\TCITeX\TeX\LaTeX\packages\amsfonts\umsb.fd
File: umsb.fd 1995/01/05 v2.2e AMS font definitions
)
! Undefined control sequence.
\QCBOptA ->$m\in \gz 
                     ^{-}$
l.65 ....wmf';tempfile-properties "XPR";}}
                                          
? r
OK, entering \nonstopmode...
[1

]
! Undefined control sequence.
l.96 \includegraphics
                     [
The control sequence at the end of the top line
of your error message was never \def'ed. If you have
misspelled it (e.g., `\hobx'), type `I' and the correct
spelling (e.g., `I\hbox'). Otherwise just continue,
and I'll forget about whatever was undefined.


Overfull \hbox (195.70633pt too wide) in paragraph at lines 81--111
[] 
 []

[2] [3] [4] [5] [6] [7]
Overfull \hbox (12.88278pt too wide) in paragraph at lines 329--342
\T1/cmr/m/n/10 Para de-ter-mi-nar si esto sucede podemos uti-lizar la trigonome
tr^^eda
 []

[8]
Overfull \hbox (4.35295pt too wide) in paragraph at lines 350--357
\T1/cmr/m/n/10 desvia-ciones de las vari-ables y esta de-pen-den-cia es per-fec
ta cuando
 []


Overfull \hbox (55.43579pt too wide) detected at line 368
\OML/cmm/m/it/10 r \OT1/cmr/m/n/10 = []
 []

LaTeX Font Info:    Try loading font information for OMS+cmr on input line 380.

(C:\swp35\TCITeX\TeX\LaTeX\base\omscmr.fd
File: omscmr.fd 1999/05/25 v2.5h Standard LaTeX font definitions
)
LaTeX Font Info:    Font shape `OMS/cmr/m/n' in size <10> not available
(Font)              Font shape `OMS/cmsy/m/n' tried instead on input line 380.
 [9]
LaTeX Font Info:    Try loading font information for T1+cmtt on input line 424.


(C:\swp35\TCITeX\TeX\LaTeX\base\t1cmtt.fd
File: t1cmtt.fd 1999/05/25 v2.5h Standard LaTeX font definitions
)
LaTeX Font Info:    Try loading font information for T1+cmss on input line 436.


(C:\swp35\TCITeX\TeX\LaTeX\base\t1cmss.fd
File: t1cmss.fd 1999/05/25 v2.5h Standard LaTeX font definitions
) [10]
LaTeX Font Info:    Try loading font information for U+euf on input line 468.

(C:\swp35\TCITeX\TeX\LaTeX\packages\amsfonts\ueuf.fd
File: ueuf.fd 1995/01/05 v2.2e AMS font definitions
) [11]
Overfull \hbox (1.4154pt too wide) in paragraph at lines 538--538
[]\T1/cmtt/m/n/10 void main(void)            // ''main'' method always called f
irst.[] 
 []

[12] [13] [14] (.\Untitled2.aux)

LaTeX Warning: There were multiply-defined labels.

 )
Here is how much of TeX's memory you used:
1295 strings out of 25883
13004 string characters out of 248426
62768 words of memory out of 262141
4181 multiletter control sequences out of 20000
23730 words of font info for 73 fonts, out of 300000 for 255
22 hyphenation exceptions out of 607
27i,12n,29p,225b,561s stack positions out of 300i,40n,60p,5000b,10000s

Output written on Untitled2.dvi (14 pages, 35084 bytes).
