This is TeX, Version 3.14159 (preloaded format=latex 0.2.28)  24 OCT 2003 17:14
**&latex_ml C:/aolivo/fortran/trapecio.tex
(C:/aolivo/fortran/trapecio.tex
LaTeX2e <1999/12/01> patch level 1
Babel <v3.6Z> and hyphenation patterns for american, english, french, german, n
german, loaded.
(C:\swp35\TCITeX\TeX\LaTeX\base\article.cls
Document Class: article 1999/09/10 v1.4a Standard LaTeX document class
(C:\swp35\TCITeX\TeX\LaTeX\base\size10.clo
File: size10.clo 1999/09/10 v1.4a Standard LaTeX file (size option)
)
\c@part=\count79
\c@section=\count80
\c@subsection=\count81
\c@subsubsection=\count82
\c@paragraph=\count83
\c@subparagraph=\count84
\c@figure=\count85
\c@table=\count86
\abovecaptionskip=\skip41
\belowcaptionskip=\skip42
\bibindent=\dimen102
)
(C:\swp35\TCITeX\TeX\LaTeX\amsmath\amsmath.sty
Package: amsmath 2000/01/15 v2.05 AMS math features
\@mathmargin=\skip43

For additional information on amsmath, use the `?' option.
(C:\swp35\TCITeX\TeX\LaTeX\amsmath\amstext.sty
Package: amstext 1999/11/15 v2.0

(C:\swp35\TCITeX\TeX\LaTeX\amsmath\amsgen.sty
File: amsgen.sty 1999/11/30 v2.0
\@emptytoks=\toks14
\ex@=\dimen103
))
(C:\swp35\TCITeX\TeX\LaTeX\amsmath\amsbsy.sty
Package: amsbsy 1999/11/29 v1.2d
\pmbraise@=\dimen104
)
(C:\swp35\TCITeX\TeX\LaTeX\amsmath\amsopn.sty
Package: amsopn 1999/12/14 v2.01 operator names
)
\inf@bad=\count87
LaTeX Info: Redefining \frac on input line 198.
\uproot@=\count88
\leftroot@=\count89
LaTeX Info: Redefining \overline on input line 302.
\classnum@=\count90
\DOTSCASE@=\count91
LaTeX Info: Redefining \ldots on input line 376.
LaTeX Info: Redefining \dots on input line 379.
LaTeX Info: Redefining \cdots on input line 464.
\Mathstrutbox@=\box26
\strutbox@=\box27
\big@size=\dimen105
LaTeX Font Info:    Redeclaring font encoding OML on input line 563.
LaTeX Font Info:    Redeclaring font encoding OMS on input line 564.
\macc@skew=\dimen106
\c@MaxMatrixCols=\count92
\dotsspace@=\muskip10
\c@parentequation=\count93
\dspbrk@lvl=\count94
\tag@help=\toks15
\row@=\count95
\column@=\count96
\maxfields@=\count97
\andhelp@=\toks16
\eqnshift@=\dimen107
\alignsep@=\dimen108
\tagshift@=\dimen109
\tagwidth@=\dimen110
\totwidth@=\dimen111
\lineht@=\dimen112
\@envbody=\toks17
\multlinegap=\skip44
\multlinetaggap=\skip45
LaTeX Info: Redefining \[ on input line 2594.
LaTeX Info: Redefining \] on input line 2595.
)
(C:\swp35\TCITeX\TeX\LaTeX\required\graphics\graphicx.sty
Package: graphicx 1999/02/16 v1.0f Enhanced LaTeX Graphics (DPC,SPQR)

(C:\swp35\TCITeX\TeX\LaTeX\required\graphics\keyval.sty
Package: keyval 1999/03/16 v1.13 key=value parser (DPC)
\KV@toks@=\toks18
)
(C:\swp35\TCITeX\TeX\LaTeX\required\graphics\graphics.sty
Package: graphics 1999/02/16 v1.0l Standard LaTeX Graphics (DPC,SPQR)

(C:\swp35\TCITeX\TeX\LaTeX\required\graphics\trig.sty
Package: trig 1999/03/16 v1.09 sin cos tan (DPC)
)
(C:\swp35\TCITeX\TeX\LaTeX\required\graphics\graphics.cfg)
Package graphics Info: Driver file: tcidvi.def on input line 80.

(C:\swp35\TCITeX\TeX\LaTeX\required\graphics\tcidvi.def
File: tcidvi.def 1999/02/16 v3.0i Driver-dependant file (DPC,SPQR)
))
\Gin@req@height=\dimen113
\Gin@req@width=\dimen114
)
(C:\swp35\TCITeX\TeX\LaTeX\packages\amsfonts\amsfonts.sty
Package: amsfonts 1997/09/17 v2.2e
\symAMSa=\mathgroup4
\symAMSb=\mathgroup5
LaTeX Font Info:    Overwriting math alphabet `\mathfrak' in version `bold'
(Font)                  U/euf/m/n --> U/euf/b/n on input line 133.
)
(C:\swp35\TCITeX\TeX\LaTeX\packages\amsfonts\amssymb.sty
Package: amssymb 1996/11/03 v2.2b
)
\c@theorem=\count98
 (.\trapecio.aux)
LaTeX Font Info:    Checking defaults for OML/cmm/m/it on input line 38.
LaTeX Font Info:    ... okay on input line 38.
LaTeX Font Info:    Checking defaults for T1/cmr/m/n on input line 38.
LaTeX Font Info:    ... okay on input line 38.
LaTeX Font Info:    Checking defaults for OT1/cmr/m/n on input line 38.
LaTeX Font Info:    ... okay on input line 38.
LaTeX Font Info:    Checking defaults for OMS/cmsy/m/n on input line 38.
LaTeX Font Info:    ... okay on input line 38.
LaTeX Font Info:    Checking defaults for OMX/cmex/m/n on input line 38.
LaTeX Font Info:    ... okay on input line 38.
LaTeX Font Info:    Checking defaults for U/cmr/m/n on input line 38.
LaTeX Font Info:    ... okay on input line 38.
LaTeX Font Info:    Try loading font information for U+msa on input line 45.

(C:\swp35\TCITeX\TeX\LaTeX\packages\amsfonts\umsa.fd
File: umsa.fd 1995/01/05 v2.2e AMS font definitions
)
LaTeX Font Info:    Try loading font information for U+msb on input line 45.

(C:\swp35\TCITeX\TeX\LaTeX\packages\amsfonts\umsb.fd
File: umsb.fd 1995/01/05 v2.2e AMS font definitions
) [1

]
File: fortran.jpg Graphic file (type bmp)
 <fortran.jpg>
File: plano.jpg Graphic file (type bmp)

<plano.jpg> [2]
LaTeX Font Info:    Try loading font information for T1+cmtt on input line 209.

 (C:\swp35\TCITeX\TeX\LaTeX\base\t1cmtt.fd
File: t1cmtt.fd 1999/05/25 v2.5h Standard LaTeX font definitions
)
Overfull \hbox (174.62311pt too wide) in paragraph at lines 252--252
[]\T1/cmtt/m/n/10 c     resistencia del aire y la fricciTCIMACRO{\U{a2}}%BeginE
xpansion\hbox{\rm\rlap/c}EndExpansionn[] 
 []


Overfull \hbox (17.16156pt too wide) in paragraph at lines 252--252
[]      \T1/cmtt/m/n/10 write(*,*)'********************************************
*******'[] 
 []


Overfull \hbox (27.659pt too wide) in paragraph at lines 252--252
[]      \T1/cmtt/m/n/10 write(*,*) 'Ingrese el numero N de puntos en [a,b], N e
s natural'[] 
 []

[3]
Overfull \hbox (11.91284pt too wide) in paragraph at lines 252--252
[]      \T1/cmtt/m/n/10 write(*,*)'********************************************
******'[] 
 []


Overfull \hbox (6.66412pt too wide) in paragraph at lines 252--252
[]      \T1/cmtt/m/n/10 write(*,*)'********************************************
*****'[] 
 []


Overfull \hbox (7.34131pt too wide) in paragraph at lines 265--271
[]\T1/cmr/m/n/10 El m^^e9todo de bisec-ci^^f3n ex-plota esta idea de la sigu-ie
nte man-era , si $\OML/cmm/m/it/10 f [] f [] <
 []

[4] [5]
Overfull \hbox (48.65387pt too wide) in paragraph at lines 364--364
[]\T1/cmtt/m/n/10 \left| r-c_{n}\right| \leq 2^{-\left( n+1\right) }\left( b_{0
}-a_{0}\right)[] 
 []


Overfull \hbox (95.89233pt too wide) in paragraph at lines 453--453
[]\T1/cmtt/m/n/10 c     **Este programa halla las raices de una ecuaci\UNICODE{
0xa2}n cuadrtica por el[] 
 []


Overfull \hbox (59.1513pt too wide) in paragraph at lines 453--453
[]        \T1/cmtt/m/n/10 print*, 'Este programa resuelve una ecuaci\UNICODE{0x
a2}n cuadrtica:'[] 
 []

[6]
Overfull \hbox (11.91284pt too wide) in paragraph at lines 453--453
[]               \T1/cmtt/m/n/10 print*,'o el la longitud del intervalo es muy 
grande'[] 
 []


Overfull \hbox (6.66412pt too wide) in paragraph at lines 453--453
[]         \T1/cmtt/m/n/10 print*,'Esta ecuaci\UNICODE{0xa2}n no tiene raices r
eales'[] 
 []

[7] [8] (.\trapecio.aux) )
Here is how much of TeX's memory you used:
1494 strings out of 25883
14999 string characters out of 248426
66162 words of memory out of 262141
4395 multiletter control sequences out of 20000
11591 words of font info for 34 fonts, out of 300000 for 255
22 hyphenation exceptions out of 607
27i,10n,22p,254b,343s stack positions out of 300i,40n,60p,5000b,10000s

Output written on trapecio.dvi (8 pages, 18860 bytes).
