This is TeX, Version 3.14159 (preloaded format=latex 97.9.16)  14 NOV 2003 17:18
**&latex_ml C:/SWP30/Docs/irina/tarea3/conclusiontarea3.tex
(C:/SWP30/Docs/irina/tarea3/conclusiontarea3.tex
LaTeX2e <1997/06/01>
Babel <v3.6h> and hyphenation patterns for american, english, french, dutch, ge
rman, loaded.
(C:\SWP30\TCITeX\tex\LaTeX\base\article.cls
Document Class: article 1997/06/16 v1.3v Standard LaTeX document class
(C:\SWP30\TCITeX\tex\LaTeX\base\size10.clo
File: size10.clo 1997/06/16 v1.3v Standard LaTeX file (size option)
)
\c@part=\count79
\c@section=\count80
\c@subsection=\count81
\c@subsubsection=\count82
\c@paragraph=\count83
\c@subparagraph=\count84
\c@figure=\count85
\c@table=\count86
\abovecaptionskip=\skip41
\belowcaptionskip=\skip42
\bibindent=\dimen102
)
(C:\SWP30\TCITeX\tex\LaTeX\packages\graphics\graphicx.sty
Package: graphicx 1997/06/09 v1.0d Enhanced LaTeX Graphics (DPC,SPQR)

(C:\SWP30\TCITeX\tex\LaTeX\packages\graphics\keyval.sty
Package: keyval 1995/09/21 v1.09 key=value parser (DPC)
)
(C:\SWP30\TCITeX\tex\LaTeX\packages\graphics\graphics.sty
Package: graphics 1997/06/07 v1.0d Standard LaTeX Graphics (DPC,SPQR)

(C:\SWP30\TCITeX\tex\LaTeX\packages\graphics\trig.sty
Package: trig 1994/10/16 v1.08 sin cos tan (DPC)
)
(C:\SWP30\TCITeX\tex\LaTeX\packages\graphics\graphics.cfg)
Package graphics Info: Driver file: tcidvi.def on input line 84.

(C:\SWP30\TCITeX\tex\LaTeX\packages\graphics\tcidvi.def
File: tcidvi.def 1996/12/12 v3.0d Driver-dependant file (DPC,SPQR)
))
\Gin@req@height=\dimen103
\Gin@req@width=\dimen104
)
(C:\SWP30\TCITeX\tex\LaTeX\packages\amslatex\inputs\amsmath.sty
Package: amsmath 1997/03/20 v1.2d AMS math features
\@mathmargin=\skip43

(C:\SWP30\TCITeX\tex\LaTeX\packages\amslatex\inputs\amstext.sty
Package: amstext 1996/10/28 v1.2b

(C:\SWP30\TCITeX\tex\LaTeX\packages\amslatex\inputs\amsgen.sty
File: amsgen 1996/10/29 v1.2b
\@emptytoks=\toks14
\ex@=\dimen105
))
(C:\SWP30\TCITeX\tex\LaTeX\packages\amslatex\inputs\amsbsy.sty
Package: amsbsy 1996/10/28 v1.2b
\pmbraise@=\dimen106
)
(C:\SWP30\TCITeX\tex\LaTeX\packages\amslatex\inputs\amsopn.sty
Package: amsopn 1996/10/28 v1.2b operator names
)
LaTeX Info: Redefining \frac on input line 188.
\uproot@=\count87
\leftroot@=\count88
\classnum@=\count89
\DOTSCASE@=\count90
LaTeX Info: Redefining \dots on input line 335.
LaTeX Info: Redefining \ldots on input line 418.
LaTeX Info: Redefining \cdots on input line 422.
\Mathstrutbox@=\box26
\strutbox@=\box27
\big@size=\dimen107
LaTeX Font Info:    Redeclaring font encoding OML on input line 500.
LaTeX Font Info:    Redeclaring font encoding OMS on input line 501.
\skewcharcount@=\count91
\familycount@=\count92
\pointcount@=\count93
\accentdimen@=\dimen108
\accentmu@=\count94
\minaw@=\dimen109
\c@MaxMatrixCols=\count95
\dotsspace@=\muskip10
\c@parentequation=\count96
\dspbrk@lvl=\count97
\tag@help=\toks15
\row@=\count98
\column@=\count99
\maxfields@=\count100
\andhelp@=\toks16
\eqnshift@=\dimen110
\alignsep@=\dimen111
\tagshift@=\dimen112
\tagwidth@=\dimen113
\totwidth@=\dimen114
\lineht@=\dimen115
\@envbody=\toks17
\multlinegap=\skip44
\multlinetaggap=\skip45
)
(C:\SWP30\TCITeX\tex\LaTeX\packages\amsfonts\amsfonts.sty
Package: amsfonts 1997/03/24 v2.2c
\symAMSa=\mathgroup4
\symAMSb=\mathgroup5
LaTeX Font Info:    Overwriting math alphabet `\mathfrak' in version `bold'
(Font)                  U/euf/m/n --> U/euf/b/n on input line 133.
)
(C:\SWP30\TCITeX\tex\LaTeX\packages\amsfonts\amssymb.sty
Package: amssymb 1996/11/03 v2.2b
)
\c@theorem=\count101

(.\conclusiontarea3.aux)
LaTeX Font Info:    Checking defaults for OML/cmm/m/it on input line 37.
LaTeX Font Info:    ... okay on input line 37.
LaTeX Font Info:    Checking defaults for T1/cmr/m/n on input line 37.
LaTeX Font Info:    ... okay on input line 37.
LaTeX Font Info:    Checking defaults for OT1/cmr/m/n on input line 37.
LaTeX Font Info:    ... okay on input line 37.
LaTeX Font Info:    Checking defaults for OMS/cmsy/m/n on input line 37.
LaTeX Font Info:    ... okay on input line 37.
LaTeX Font Info:    Checking defaults for OMX/cmex/m/n on input line 37.
LaTeX Font Info:    ... okay on input line 37.
LaTeX Font Info:    Checking defaults for U/cmr/m/n on input line 37.
LaTeX Font Info:    ... okay on input line 37.
LaTeX Font Info:    Try loading font information for U+msa on input line 45.
 (C:\SWP30\TCITeX\tex\LaTeX\packages\amsfonts\umsa.fd
File: umsa.fd 1995/01/05 v2.2e AMS font definitions
)
LaTeX Font Info:    Try loading font information for U+msb on input line 45.

(C:\SWP30\TCITeX\tex\LaTeX\packages\amsfonts\umsb.fd
File: umsb.fd 1995/01/05 v2.2e AMS font definitions
)

! LaTeX Error: There's no line here to end.

See the LaTeX manual or LaTeX Companion for explanation.
Type  H <return>  for immediate help.
 ...                                      
                                          
l.49 \newline
              CONCLUSIONES
? r
OK, entering \nonstopmode...

! LaTeX Error: There's no line here to end.

See the LaTeX manual or LaTeX Companion for explanation.
Type  H <return>  for immediate help.
 ...                                      
                                          
l.52 \newline
              Problema 1:
Your command was ignored.
Type  I <command> <return>  to replace it with another command,
or  <return>  to continue without it.

File: tirolibre.eps Graphic file (type eps)
<tirolibre.eps>
File: tironolibrej.eps Graphic file (type eps)
 <tironolibrej.eps> [1

]

! LaTeX Error: There's no line here to end.

See the LaTeX manual or LaTeX Companion for explanation.
Type  H <return>  for immediate help.
 ...                                      
                                          
l.136 \newline
               Problema 3:
Your command was ignored.
Type  I <command> <return>  to replace it with another command,
or  <return>  to continue without it.

File: tironlda.EPS Graphic file (type eps)
<tironlda.EPS>

! LaTeX Error: There's no line here to end.

See the LaTeX manual or LaTeX Companion for explanation.
Type  H <return>  for immediate help.
 ...                                      
                                          
l.159 \newline
               Problema 4:
Your command was ignored.
Type  I <command> <return>  to replace it with another command,
or  <return>  to continue without it.

[2]
File: tironolibre.eps Graphic file (type eps)
 <tironolibre.eps>
File: proyectil45.EPS Graphic file (type eps)
 <proyectil45.EPS>

! LaTeX Error: There's no line here to end.

See the LaTeX manual or LaTeX Companion for explanation.
Type  H <return>  for immediate help.
 ...                                      
                                          
l.206 \newline
               Problema 5:
Your command was ignored.
Type  I <command> <return>  to replace it with another command,
or  <return>  to continue without it.

File: pendulop.eps Graphic file (type eps)
<pendulop.eps>
File: pendulopn.EPS Graphic file (type eps)
 <pendulopn.EPS>
File: pendulova.eps Graphic file (type eps)
 <pendulova.eps> [3] [4] (.\conclusiontarea3.aux) )
Here is how much of TeX's memory you used:
1416 strings out of 25902
13977 string characters out of 248789
60460 words of memory out of 262141
4288 multiletter control sequences out of 20000
5859 words of font info for 23 fonts, out of 300000 for 255
14 hyphenation exceptions out of 607
27i,4n,22p,270b,351s stack positions out of 300i,40n,60p,5000b,10000s

Output written on conclusiontarea3.dvi (4 pages, 5664 bytes).
