This is pdfTeX, Version 3.14159-14f-released-20000525 (MiKTeX 2.1) (preloaded format=latex 2000.11.28)  21 AUG 1999 09:42
**calme.tex
(calme.tex{pdftex.cfg}
LaTeX2e <2001/06/01>
Babel <v3.7h> and hyphenation patterns for american, english, french, german, n
german, loaded.
(C:\texmf\tex\latex\packages\foiltex\foils.cls
Document Class: foils 1998/08/15 v2.1.3 FoilTeX Class File, Copyright IBM 1995,
1997,1998
(C:\texmf\tex\latex\packages\foiltex\fltfonts.def
File: fltfonts.def 1998/08/15 v2.1.3 FoilTeX font definition file, Copyright IB
M 1995,1997,1998
\symflasy=\mathgroup4
LaTeX Info: Redefining \em on input line 243.
LaTeX Font Info:    Overwriting symbol font `operators' in version `normal'
(Font)                  OT1/cmr/m/n --> OT1/fcmr/m/n on input line 245.
LaTeX Font Info:    Overwriting symbol font `letters' in version `normal'
(Font)                  OML/cmm/m/it --> OML/fcmm/m/it on input line 246.
LaTeX Font Info:    Overwriting symbol font `symbols' in version `normal'
(Font)                  OMS/cmsy/m/n --> OMS/fcmsy/m/n on input line 247.
LaTeX Font Info:    Overwriting symbol font `largesymbols' in version `normal'
(Font)                  OMX/cmex/m/n --> OMX/fcmex/m/n on input line 248.
LaTeX Font Info:    Overwriting symbol font `operators' in version `bold'
(Font)                  OT1/cmr/bx/n --> OT1/fcmr/bx/n on input line 249.
LaTeX Font Info:    Overwriting symbol font `letters' in version `bold'
(Font)                  OML/cmm/b/it --> OML/fcmm/b/it on input line 250.
LaTeX Font Info:    Overwriting symbol font `symbols' in version `bold'
(Font)                  OMS/cmsy/b/n --> OMS/fcmsy/b/n on input line 251.
LaTeX Font Info:    Overwriting symbol font `largesymbols' in version `bold'
(Font)                  OMX/cmex/m/n --> OMX/fcmex/m/n on input line 252.
LaTeX Font Info:    Redeclaring math alphabet \mathrm on input line 253.
LaTeX Font Info:    Redeclaring math alphabet \mathbf on input line 254.
LaTeX Font Info:    Overwriting math alphabet `\mathbf' in version `normal'
(Font)                  OT1/cmr/bx/n --> OT1/fcmr/bx/n on input line 254.
LaTeX Font Info:    Overwriting math alphabet `\mathbf' in version `bold'
(Font)                  OT1/cmr/bx/n --> OT1/fcmr/bx/n on input line 254.
LaTeX Font Info:    Redeclaring math alphabet \mathsf on input line 255.
LaTeX Font Info:    Overwriting math alphabet `\mathsf' in version `normal'
(Font)                  OT1/cmss/m/n --> OT1/fcmss/m/n on input line 255.
LaTeX Font Info:    Overwriting math alphabet `\mathsf' in version `bold'
(Font)                  OT1/cmss/bx/n --> OT1/fcmss/m/n on input line 255.
LaTeX Font Info:    Redeclaring math alphabet \mathit on input line 256.
LaTeX Font Info:    Overwriting math alphabet `\mathit' in version `normal'
(Font)                  OT1/cmr/m/it --> OT1/fcmr/m/it on input line 256.
LaTeX Font Info:    Overwriting math alphabet `\mathit' in version `bold'
(Font)                  OT1/cmr/bx/it --> OT1/fcmr/m/it on input line 256.
LaTeX Font Info:    Redeclaring math alphabet \mathtt on input line 257.
LaTeX Font Info:    Overwriting math alphabet `\mathtt' in version `normal'
(Font)                  OT1/cmtt/m/n --> OT1/fcmtt/m/n on input line 257.
LaTeX Font Info:    Overwriting math alphabet `\mathtt' in version `bold'
(Font)                  OT1/cmtt/m/n --> OT1/fcmtt/m/n on input line 257.
)
(C:\texmf\tex\latex\packages\foiltex\foil30.clo
File: foil30.clo 1998/08/15 v2.1.3 FoilTeX file (size option), Copyright IBM 19
95,1997,1998
)
\head@footskip=\dimen102
\@foilheight=\dimen103
\@foilwidth=\dimen104
\abovetitleskip=\skip41
\titleauthorskip=\skip42
\authorauthorskip=\skip43
\authordateskip=\skip44
\dateabstractskip=\skip45
\@tempfootbox=\box26
\@tempfootht=\dimen105
\bibindent=\dimen106
\abovecaptionskip=\skip46
\belowcaptionskip=\skip47
\@captionwidth=\skip48
\captionwidth=\skip49
\abovefloatskip=\skip50
\c@table=\count79
\c@figure=\count80
\foilheadskip=\skip51
\c@Theorem=\count81
\c@Lemma=\count82
\c@Corollary=\count83
\c@Proposition=\count84
\c@Definition=\count85
)
(C:\texmf\tex\latex\required\babel\babel.sty
Package: babel 2001/03/01 v3.7h The Babel package

(C:\texmf\tex\latex\required\babel\english.ldf
Language: english 2001/04/15 v3.3l English support from the babel system

(C:\texmf\tex\latex\required\babel\babel.def
File: babel.def 2001/03/01 v3.7h Babel common definitions
\babel@savecnt=\count86
\U@D=\dimen107
)
\l@canadian = a dialect from \language\l@english 
)
(C:\texmf\tex\latex\required\babel\spanish.ldf
Language: spanish.ldf 2001/01/30 v4.1c Spanish support from the babel system


Package babel Warning: No hyphenation patterns were loaded for
(babel)                the language `Spanish'
(babel)                I will use the patterns loaded for \language=0 instead.

\l@spanish = a dialect from \language0
\es@quottoks=\toks14
\es@quotdepth=\count87
Package babel Info: Making . an active character on input line 464.
Package babel Info: Making " an active character on input line 495.
Package babel Info: Making < an active character on input line 581.
Package babel Info: Making > an active character on input line 582.
)) (C:\texmf\tex\latex\inputenc.sty
Package: inputenc 2000/07/01 v0.996 Input encoding file 
 (C:\texmf\tex\latex\latin1.def
File: latin1.def 2000/07/01 v0.996 Input encoding file 
))
(C:\texmf\tex\latex\graphics\color.sty
Package: color 1999/02/16 v1.0i Standard LaTeX Color (DPC)
 (C:\texmf\tex\latex\00miktex\color.cfg)
Package color Info: Driver file: pdftex.def on input line 125.

(C:\texmf\tex\latex\graphics\pdftex.def
File: pdftex.def 2001/11/29 v0.03i graphics/color for pdftex
\Gread@gobject=\count88
))
(C:\texmf\tex\latex\contrib\supported\geometry\geometry.sty
Package: geometry 2000/06/28 v2.3 Page Geometry

(C:\texmf\tex\latex\graphics\keyval.sty
Package: keyval 1999/03/16 v1.13 key=value parser (DPC)
\KV@toks@=\toks15
)
\Geom@cnth=\count89
\Geom@cntv=\count90

(C:\texmf\tex\latex\contrib\supported\geometry\geometry.cfg))
(C:\texmf\tex\latex\contrib\supported\hyperref\hyperref.sty
Package: hyperref 2001/04/05 v6.71e Hypertext links for LaTeX
\@linkdim=\dimen108
\Hy@linkcounter=\count91
\Hy@pagecounter=\count92

(C:\texmf\tex\latex\contrib\supported\hyperref\pd1enc.def
File: pd1enc.def 2001/04/05 v6.71e Hyperref: PDFDocEncoding definition (HO)
)
(C:\texmf\tex\latex\00miktex\hyperref.cfg)
Package hyperref Info: Bookmarks ON on input line 1661.
Package hyperref Info: Hyper figures OFF on input line 1680.
Package hyperref Info: Link nesting OFF on input line 1685.
Package hyperref Info: Hyper index ON on input line 1688.
Package hyperref Info: Plain pages ON on input line 1693.
Package hyperref Info: Backreferencing OFF on input line 1700.

Implicit mode ON; LaTeX internals redefined
(C:\texmf\tex\latex\contrib\other\misc\url.sty
\Urlmuskip=\muskip10
Package: url 1999/03/28  ver 1.5x  Verb mode for urls, etc.
)
LaTeX Info: Redefining \url on input line 1905.
\Fld@menulength=\count93
\Field@Width=\dimen109
\Fld@charsize=\dimen110
\Choice@toks=\toks16
\Field@toks=\toks17
Package hyperref Info: Hyper figures OFF on input line 2351.
Package hyperref Info: Link nesting OFF on input line 2356.
Package hyperref Info: Hyper index ON on input line 2359.
Package hyperref Info: backreferencing OFF on input line 2366.
Package hyperref Info: Link coloring OFF on input line 2371.
\c@Item=\count94
\c@Hfootnote=\count95
)
*hyperref using driver hpdftex*
(C:\texmf\tex\latex\contrib\supported\hyperref\hpdftex.def
File: hpdftex.def 2001/04/05 v6.71e Hyperref driver for pdfTeX

(C:\texmf\tex\latex\psnfss\pifont.sty
Package: pifont 2001/06/04 PSNFSS-v8.2 Pi font support (SPQR) 
LaTeX Font Info:    Try loading font information for U+pzd on input line 62.
 (C:\texmf\tex\latex\psnfss\upzd.fd
File: upzd.fd 2001/06/04 font definitions for U/pzd.
)
LaTeX Font Info:    Try loading font information for U+psy on input line 63.

(C:\texmf\tex\latex\psnfss\upsy.fd
File: upsy.fd 2001/06/04 font definitions for U/psy.
))
\Fld@listcount=\count96
\@outlinefile=\write3
) (pause.sty) (background.sty)
(pp4slide.sty
Package hyperref Info: Option `colorlinks' set `true' on input line 45.
) (C:\texmf\tex\latex\amslatex\amsmath.sty
Package: amsmath 2000/06/06 v2.12 AMS math features
\@mathmargin=\skip52

For additional information on amsmath, use the `?' option.
(C:\texmf\tex\latex\amslatex\amstext.sty
Package: amstext 1999/11/15 v2.0

(C:\texmf\tex\latex\amslatex\amsgen.sty
File: amsgen.sty 1999/11/30 v2.0
\@emptytoks=\toks18
\ex@=\dimen111
))
(C:\texmf\tex\latex\amslatex\amsbsy.sty
Package: amsbsy 1999/11/29 v1.2d
\pmbraise@=\dimen112
)
(C:\texmf\tex\latex\amslatex\amsopn.sty
Package: amsopn 1999/12/14 v2.01 operator names
)
\inf@bad=\count97
LaTeX Info: Redefining \frac on input line 211.
\uproot@=\count98
\leftroot@=\count99
LaTeX Info: Redefining \overline on input line 307.
\classnum@=\count100
\DOTSCASE@=\count101
LaTeX Info: Redefining \ldots on input line 379.
LaTeX Info: Redefining \dots on input line 382.
LaTeX Info: Redefining \cdots on input line 467.
\Mathstrutbox@=\box27
\strutbox@=\box28
\big@size=\dimen113
LaTeX Font Info:    Redeclaring font encoding OML on input line 567.
LaTeX Font Info:    Redeclaring font encoding OMS on input line 568.
\macc@depth=\count102
\c@MaxMatrixCols=\count103
\dotsspace@=\muskip11
\c@parentequation=\count104
\dspbrk@lvl=\count105
\tag@help=\toks19
\row@=\count106
\column@=\count107
\maxfields@=\count108
\andhelp@=\toks20
\eqnshift@=\dimen114
\alignsep@=\dimen115
\tagshift@=\dimen116
\tagwidth@=\dimen117
\totwidth@=\dimen118
\lineht@=\dimen119
\@envbody=\toks21
\multlinegap=\skip53
\multlinetaggap=\skip54
\mathdisplay@stack=\toks22
LaTeX Info: Redefining \[ on input line 2662.
LaTeX Info: Redefining \] on input line 2663.
)
(C:\texmf\tex\latex\amsfonts\amsfonts.sty
Package: amsfonts 2001/10/25 v2.2f
\symAMSa=\mathgroup5
\symAMSb=\mathgroup6
LaTeX Font Info:    Overwriting math alphabet `\mathfrak' in version `bold'
(Font)                  U/euf/m/n --> U/euf/b/n on input line 132.
)
(C:\texmf\tex\latex\amsfonts\amssymb.sty
Package: amssymb 2002/01/22 v2.2d
)
(C:\texmf\tex\latex\graphics\graphicx.sty
Package: graphicx 1999/02/16 v1.0f Enhanced LaTeX Graphics (DPC,SPQR)

(C:\texmf\tex\latex\graphics\graphics.sty
Package: graphics 2001/07/07 v1.0n Standard LaTeX Graphics (DPC,SPQR)
 (C:\texmf\tex\latex\graphics\trig.sty
Package: trig 1999/03/16 v1.09 sin cos tan (DPC)
) (C:\texmf\tex\latex\00miktex\graphics.cfg)
Package graphics Info: Driver file: pdftex.def on input line 80.
)
\Gin@req@height=\dimen120
\Gin@req@width=\dimen121
) (calme.aux)
LaTeX Font Info:    Checking defaults for OML/cmm/m/it on input line 30.
LaTeX Font Info:    ... okay on input line 30.
LaTeX Font Info:    Checking defaults for T1/cmr/m/n on input line 30.
LaTeX Font Info:    ... okay on input line 30.
LaTeX Font Info:    Checking defaults for OT1/cmr/m/n on input line 30.
LaTeX Font Info:    ... okay on input line 30.
LaTeX Font Info:    Checking defaults for OMS/cmsy/m/n on input line 30.
LaTeX Font Info:    ... okay on input line 30.
LaTeX Font Info:    Checking defaults for OMX/cmex/m/n on input line 30.
LaTeX Font Info:    ... okay on input line 30.
LaTeX Font Info:    Checking defaults for U/cmr/m/n on input line 30.
LaTeX Font Info:    ... okay on input line 30.
LaTeX Font Info:    Checking defaults for PD1/pdf/m/n on input line 30.
LaTeX Font Info:    ... okay on input line 30.

(C:\texmf\tex\context\base\supp-pdf.tex (C:\texmf\tex\context\base\supp-mis.tex
loading : Context Support Macros / Missing
\protectiondepth=\count109
\scratchcounter=\count110
\scratchdimen=\dimen122
\scratchskip=\skip55
\scratchmuskip=\muskip12
\scratchbox=\box29
\scratchread=\read1
\scratchwrite=\write4
\nextbox=\box30
\nextdepth=\dimen123
\everyline=\toks23
\!!counta=\count111
\!!countb=\count112
\recursecounter=\count113
)
loading : Context Support Macros / PDF
\nofMPsegments=\count114
\nofMParguments=\count115
)
Package hyperref Info: Link coloring ON on input line 30.
 (C:\texmf\tex\latex\contrib\supported\hyperref\nameref.sty
Package: nameref 2001/01/27 v2.19 Cross-referencing by name of section
\c@section@level=\count116
) (calme.out)
(calme.out)
LaTeX Info: Redefining \ref on input line 30.
LaTeX Info: Redefining \pageref on input line 30.
LaTeX Font Info:    Font shape `OMS/fcmss/m/n' in size <29.86> not available
(Font)              Font shape `OMS/fcmsy/m/n' tried instead on input line 41.
LaTeX Font Info:    Try loading font information for U+msa on input line 50.
 (C:\texmf\tex\latex\amsfonts\umsa.fd
File: umsa.fd 2002/01/19 v2.2g AMS font definitions
)

LaTeX Font Warning: Font shape `U/msa/m/n' in size <29.86> not available
(Font)              size <24.88> substituted on input line 50.

LaTeX Font Info:    Try loading font information for U+msb on input line 50.
(C:\texmf\tex\latex\amsfonts\umsb.fd
File: umsb.fd 2002/01/19 v2.2g AMS font definitions
)

LaTeX Font Warning: Font shape `U/msb/m/n' in size <29.86> not available
(Font)              size <24.88> substituted on input line 50.

[1{psfonts.map}

] [2] [3]
Underfull \vbox (badness 10000) has occurred while \output is active []

 [4]
[5 <pic.pdf>] [6 <pic.png> <pic.tif>] [7 <pic.pdf>]
<C:/texmf/tex/latex/ppower4/pic.jpg, id=69, 441.65pt x 312.16624pt>
File: C:/texmf/tex/latex/ppower4/pic.jpg Graphic file (type jpg)

<use C:/texmf/tex/latex/ppower4/pic.jpg>
Underfull \vbox (badness 10000) has occurred while \output is active []

 [8]
Overfull \vbox (159.35867pt too high) has occurred while \output is active []


[9 <tmp.pdf> <C:/texmf/tex/latex/ppower4/pic.jpg>]
File: C:/texmf/tex/latex/ppower4/pic.jpg Graphic file (type jpg)

<use C:/texmf/tex/latex/ppower4/pic.jpg> [10] (calme.aux)

LaTeX Font Warning: Size substitutions with differences
(Font)              up to 4.98pt have occurred.

 )<cmr10.pfb><cmmi10.pfb><cmex10.pfb><cmsy10.pfb><cmssbx10.pfb><cmss10.pfb>
Output written on calme.pdf (10 pages, 329773 bytes).
