This is pdfTeX, Version 3.141592-1.10b (MiKTeX 2.3) (preloaded format=latex 2000.11.28)  10 AUG 2003 09:40
**Sustentacion2.tex
(Sustentacion2.tex{pdftex.cfg}
LaTeX2e <2001/06/01>
Babel <v3.7h> and hyphenation patterns for english, french, german, ngerman, du
mylang, nohyphenation, loaded.
(C:\texmf\tex\latex\base\article.cls
Document Class: article 2001/04/21 v1.4e Standard LaTeX document class
(C:\texmf\tex\latex\base\size10.clo
File: size10.clo 2001/04/21 v1.4e Standard LaTeX file (size option)
)
\c@part=\count79
\c@section=\count80
\c@subsection=\count81
\c@subsubsection=\count82
\c@paragraph=\count83
\c@subparagraph=\count84
\c@figure=\count85
\c@table=\count86
\abovecaptionskip=\skip41
\belowcaptionskip=\skip42
\bibindent=\dimen102
) (C:\texmf\tex\latex\graphics\graphicx.sty
Package: graphicx 1999/02/16 v1.0f Enhanced LaTeX Graphics (DPC,SPQR)
(C:\texmf\tex\latex\graphics\keyval.sty
Package: keyval 1999/03/16 v1.13 key=value parser (DPC)
\KV@toks@=\toks14
)
(C:\texmf\tex\latex\graphics\graphics.sty
Package: graphics 2001/07/07 v1.0n Standard LaTeX Graphics (DPC,SPQR)
 (C:\texmf\tex\latex\graphics\trig.sty
Package: trig 1999/03/16 v1.09 sin cos tan (DPC)
) (C:\texmf\tex\latex\00miktex\graphics.cfg
File: graphics.cfg 2003/03/12 v1.1 MiKTeX 'graphics' configuration
)
Package graphics Info: Driver file: pdftex.def on input line 80.

(C:\texmf\tex\latex\graphics\pdftex.def
File: pdftex.def 2002/06/19 v0.03k graphics/color for pdftex
\Gread@gobject=\count87
))
\Gin@req@height=\dimen103
\Gin@req@width=\dimen104
)
(C:\texmf\tex\latex\base\inputenc.sty
Package: inputenc 2001/07/10 v0.99a Input encoding file 
 (C:\texmf\tex\latex\base\ansinew.def
File: ansinew.def 2001/07/10 v0.99a Input encoding file 
))
(C:\texmf\tex\latex\amsmath\amsmath.sty
Package: amsmath 2000/07/18 v2.13 AMS math features
\@mathmargin=\skip43

For additional information on amsmath, use the `?' option.
(C:\texmf\tex\latex\amsmath\amstext.sty
Package: amstext 2000/06/29 v2.01
 (C:\texmf\tex\latex\amsmath\amsgen.sty
File: amsgen.sty 1999/11/30 v2.0
\@emptytoks=\toks15
\ex@=\dimen105
)) (C:\texmf\tex\latex\amsmath\amsbsy.sty
Package: amsbsy 1999/11/29 v1.2d
\pmbraise@=\dimen106
)
(C:\texmf\tex\latex\amsmath\amsopn.sty
Package: amsopn 1999/12/14 v2.01 operator names
)
\inf@bad=\count88
LaTeX Info: Redefining \frac on input line 211.
\uproot@=\count89
\leftroot@=\count90
LaTeX Info: Redefining \overline on input line 307.
\classnum@=\count91
\DOTSCASE@=\count92
LaTeX Info: Redefining \ldots on input line 379.
LaTeX Info: Redefining \dots on input line 382.
LaTeX Info: Redefining \cdots on input line 467.
\Mathstrutbox@=\box26
\strutbox@=\box27
\big@size=\dimen107
LaTeX Font Info:    Redeclaring font encoding OML on input line 567.
LaTeX Font Info:    Redeclaring font encoding OMS on input line 568.
\macc@depth=\count93
\c@MaxMatrixCols=\count94
\dotsspace@=\muskip10
\c@parentequation=\count95
\dspbrk@lvl=\count96
\tag@help=\toks16
\row@=\count97
\column@=\count98
\maxfields@=\count99
\andhelp@=\toks17
\eqnshift@=\dimen108
\alignsep@=\dimen109
\tagshift@=\dimen110
\tagwidth@=\dimen111
\totwidth@=\dimen112
\lineht@=\dimen113
\@envbody=\toks18
\multlinegap=\skip44
\multlinetaggap=\skip45
\mathdisplay@stack=\toks19
LaTeX Info: Redefining \[ on input line 2666.
LaTeX Info: Redefining \] on input line 2667.
)
(C:\texmf\tex\latex\amsfonts\amssymb.sty
Package: amssymb 2002/01/22 v2.2d

(C:\texmf\tex\latex\amsfonts\amsfonts.sty
Package: amsfonts 2001/10/25 v2.2f
\symAMSa=\mathgroup4
\symAMSb=\mathgroup5
LaTeX Font Info:    Overwriting math alphabet `\mathfrak' in version `bold'
(Font)                  U/euf/m/n --> U/euf/b/n on input line 132.
))
(C:\texmf\tex\generic\Babel\babel.sty
Package: babel 2001/03/01 v3.7h The Babel package
 (C:\texmf\tex\generic\Babel\spanish.ldf
Language: spanish.ldf 2001/01/30 v4.1c Spanish support from the babel system

(C:\texmf\tex\generic\Babel\babel.def
File: babel.def 2001/03/01 v3.7h Babel common definitions
\babel@savecnt=\count100
\U@D=\dimen114
)

Package babel Warning: No hyphenation patterns were loaded for
(babel)                the language `Spanish'
(babel)                I will use the patterns loaded for \language=0 instead.

\l@spanish = a dialect from \language0
\es@quottoks=\toks20
\es@quotdepth=\count101
Package babel Info: Making . an active character on input line 464.
Package babel Info: Making " an active character on input line 495.
Package babel Info: Making < an active character on input line 581.
Package babel Info: Making > an active character on input line 582.
)) (C:\texmf\tex\latex\float\float.sty
Package: float 2001/11/08 v1.3d Float enhancements (AL)
\c@float@type=\count102
\float@exts=\toks21
\float@box=\box28
\@float@everytoks=\toks22
\@floatcapt=\box29
) (fixseminar.sty
Package: fixseminar 2000/06/02 Fix some problems of seminar. v0.0.2

(C:\texmf\tex\latex\base\ifthen.sty
Package: ifthen 2001/05/26 v1.1c Standard LaTeX ifthen package (DPC)
)) (C:\texmf\tex\latex\texpower\texpower.sty
Package: texpower 2003/05/15 v0.0.9d Create Dynamic Presentations with LaTeX.
(C:\texmf\tex\latex\tools\calc.sty
Package: calc 1998/07/07 v4.1b Infix arithmetic (KKT,FJ)
\calc@Acount=\count103
\calc@Bcount=\count104
\calc@Adimen=\dimen115
\calc@Bdimen=\dimen116
\calc@Askip=\skip46
\calc@Bskip=\skip47
LaTeX Info: Redefining \setlength on input line 59.
LaTeX Info: Redefining \addtolength on input line 60.
\calc@denominator=\count105
)
Package texpower Info: Producing printout version. Dynamic features inactive. o
n input line 212.
 (C:\texmf\tex\latex\texpower\tpoptions.cfg) (C:\texmf\tex\latex\oberdiek\ifpdf
.sty
Package: ifpdf 2001/06/14 v1.0 Providing \ifpdf (HO)
Package ifpdf Info: pdfTeX in pdf mode detected on input line 140.
)
\c@tmpcnta@TP=\count106
\c@tmpcntb@TP=\count107
\tempdima@TP=\skip48
\tempdimb@TP=\skip49
\tempbox@TP=\box30
\pbox@TP=\box31
\c@stripe@TP=\count108
\c@stripes@TP=\count109
\c@gradprogression@TP=\count110
\c@dgradhslope@TP=\count111
\c@dgradvslope@TP=\count112
\bgndbox@TP=\box32
\mempageconts@TP=\box33
\memfootins@TP=\insert233
\memoutput@TP=\toks23
\c@totalsteps=\count113
\c@firststep=\count114
\c@step=\count115
\c@stepcommand=\count116
\c@stepsperformed=\count117
\highlightboxsep=\skip50
\c@substep=\count118
\c@o@fs@TP=\count119
\ep@TP=\toks24

(C:\texmf\tex\latex\texpower\tpsettings.cfg)) (pdfslide.sty
Package: pdfslide 1999/10/10 v0.50 slides with PDF (CVR)

(C:\texmf\tex\latex\carlisle\colortbl.sty
Package: colortbl 1999/03/24 v0.1i Color table columns (DPC)
 (C:\texmf\tex\latex\tools\array.sty
Package: array 1998/05/13 v2.3m Tabular extension package (FMi)
\col@sep=\dimen117
\extrarowheight=\dimen118
\NC@list=\toks25
\extratabsurround=\skip51
\backup@length=\skip52
)
(C:\texmf\tex\latex\graphics\color.sty
Package: color 1999/02/16 v1.0i Standard LaTeX Color (DPC)
 (C:\texmf\tex\latex\00miktex\color.cfg
File: color.cfg 2003/03/08 v1.0 MiKTeX 'color' configuration
)
Package color Info: Driver file: pdftex.def on input line 125.
)
\everycr=\toks26
\minrowclearance=\skip53
) (C:\texmf\tex\latex\fancybox\fancybox.sty
Package: fancybox 2000/09/19 1.3

Style option: `fancybox' v1.3 <2000/09/19> (tvz)
\@fancybox=\box34
\shadowsize=\dimen119
\@Sbox=\box35
\do@VerbBox=\toks27
\the@fancyput=\toks28
\this@fancyput=\toks29
\EndVerbatimTokens=\toks30
\Verbatim@Outfile=\write3
\Verbatim@Infile=\read1
) (C:\texmf\tex\latex\hyperref\hyperref.sty
Package: hyperref 2003/06/01 v6.74e Hypertext links for LaTeX
\@linkdim=\dimen120
\Hy@linkcounter=\count120
\Hy@pagecounter=\count121

(C:\texmf\tex\latex\hyperref\pd1enc.def
File: pd1enc.def 2003/06/01 v6.74e Hyperref: PDFDocEncoding definition (HO)
)
(C:\texmf\tex\latex\00miktex\hyperref.cfg
File: hyperref.cfg 2003/03/08 v1.0 MiKTeX 'hyperref' configuration
)
Package hyperref Info: Option `colorlinks' set `true' on input line 1829.
Package hyperref Info: Option `pdfmenubar' set `true' on input line 1829.
Package hyperref Info: Option `pdftoolbar' set `true' on input line 1829.
Package hyperref Info: Option `pdffitwindow' set `true' on input line 1829.
Package hyperref Info: Option `pdfcenterwindow' set `true' on input line 1829.
Package hyperref Info: Option `pdfwindowui' set `true' on input line 1829.
Package hyperref Info: Hyper figures OFF on input line 1879.
Package hyperref Info: Link nesting OFF on input line 1884.
Package hyperref Info: Hyper index ON on input line 1887.
Package hyperref Info: Plain pages ON on input line 1892.
Package hyperref Info: Backreferencing OFF on input line 1899.

Implicit mode ON; LaTeX internals redefined
Package hyperref Info: Bookmarks ON on input line 2003.
(C:\texmf\tex\latex\ltxmisc\url.sty
\Urlmuskip=\muskip11
Package: url 1999/03/28  ver 1.5x  Verb mode for urls, etc.
)
LaTeX Info: Redefining \url on input line 2142.
\Fld@menulength=\count122
\Field@Width=\dimen121
\Fld@charsize=\dimen122
\Choice@toks=\toks31
\Field@toks=\toks32
Package hyperref Info: Hyper figures OFF on input line 2617.
Package hyperref Info: Link nesting OFF on input line 2622.
Package hyperref Info: Hyper index ON on input line 2625.
Package hyperref Info: backreferencing OFF on input line 2632.
Package hyperref Info: Link coloring ON on input line 2635.
\c@Item=\count123
\c@Hfootnote=\count124
)
*hyperref using driver hpdftex*
(C:\texmf\tex\latex\hyperref\hpdftex.def
File: hpdftex.def 2003/06/01 v6.74e Hyperref driver for pdfTeX
 (C:\texmf\tex\latex\psnfss\pifont.sty
Package: pifont 2002/09/08 PSNFSS-v9.0a Pi font support (SPQR) 
LaTeX Font Info:    Try loading font information for U+pzd on input line 62.

(C:\texmf\tex\latex\psnfss\upzd.fd
File: upzd.fd 2001/06/04 font definitions for U/pzd.
)
LaTeX Font Info:    Try loading font information for U+psy on input line 63.
 (C:\texmf\tex\latex\psnfss\upsy.fd
File: upsy.fd 2001/06/04 font definitions for U/psy.
))
\Fld@listcount=\count125
\@outlinefile=\write4
)
\@Leftmargin=\dimen123
\@Rightmargin=\dimen124
\@Topmargin=\dimen125
\@Bottommargin=\dimen126

(C:\texmf\tex\latex\pdfslide\slide.clo

LaTeX Font Warning: Font shape `OT1/cmr/m/n' in size <16> not available
(Font)              size <17.28> substituted on input line 34.

\chapnumfont=\toks33
\chapfont=\toks34
\secfont=\toks35
\ssecfont=\toks36
\sssecfont=\toks37
\parafont=\toks38
)
\panelwidth=\skip54
\panelheight=\skip55
\textareawidth=\skip56
\textareaheight=\skip57
Package color Info: Redefining color panelbackground on input line 235.
\headskip=\dimen127
) (pdfslide.cfg
Package color Info: Redefining color panelbackground on input line 24.
Package color Info: Redefining color button on input line 25.
Package color Info: Redefining color buttondisable on input line 26.
Package color Info: Redefining color buttonbackground on input line 27.
Package color Info: Redefining color buttonshadow on input line 28.
Package color Info: Redefining color orange on input line 29.
Package color Info: Redefining color section0 on input line 30.
Package color Info: Redefining color section1 on input line 31.
Package color Info: Redefining color section2 on input line 32.
Package color Info: Redefining color section3 on input line 33.
Package color Info: Redefining color section4 on input line 34.
Package color Info: Redefining color section5 on input line 35.
)

LaTeX Warning: Unused global option(s):
    [letter].

(Sustentacion2.aux)
LaTeX Font Info:    Checking defaults for OML/cmm/m/it on input line 14.
LaTeX Font Info:    ... okay on input line 14.
LaTeX Font Info:    Checking defaults for T1/cmr/m/n on input line 14.
LaTeX Font Info:    ... okay on input line 14.
LaTeX Font Info:    Checking defaults for OT1/cmr/m/n on input line 14.
LaTeX Font Info:    ... okay on input line 14.
LaTeX Font Info:    Checking defaults for OMS/cmsy/m/n on input line 14.
LaTeX Font Info:    ... okay on input line 14.
LaTeX Font Info:    Checking defaults for OMX/cmex/m/n on input line 14.
LaTeX Font Info:    ... okay on input line 14.
LaTeX Font Info:    Checking defaults for U/cmr/m/n on input line 14.
LaTeX Font Info:    ... okay on input line 14.
LaTeX Font Info:    Checking defaults for PD1/pdf/m/n on input line 14.
LaTeX Font Info:    ... okay on input line 14.
 (C:\texmf\tex\context\base\supp-pdf.tex
(C:\texmf\tex\context\base\supp-mis.tex
loading : Context Support Macros / Missing
\protectiondepth=\count126
\scratchcounter=\count127
\scratchtoks=\toks39
\scratchdimen=\dimen128
\scratchskip=\skip58
\scratchmuskip=\muskip12
\scratchbox=\box36
\scratchread=\read2
\scratchwrite=\write5
\zeropoint=\dimen129
\minusone=\count128
\thousandpoint=\dimen130
\emptytoks=\toks40
\nextbox=\box37
\nextdepth=\dimen131
\everyline=\toks41
\!!counta=\count129
\!!countb=\count130
\recursecounter=\count131
)
loading : Context Support Macros / PDF
\nofMPsegments=\count132
\nofMParguments=\count133
\everyMPtoPDFconversion=\toks42
)
Package texpower Info: Package soul not loaded.
(texpower)             Command \hidetext disabled on input line 14.


Package texpower Warning: Package soul not loaded.
(texpower)                Command \highlighttext disabled on input line 14.

Package hyperref Info: Link coloring ON on input line 14.
(C:\texmf\tex\latex\hyperref\nameref.sty
Package: nameref 2001/01/27 v2.19 Cross-referencing by name of section
\c@section@level=\count134
)
LaTeX Info: Redefining \ref on input line 14.
LaTeX Info: Redefining \pageref on input line 14.
 (Sustentacion2.out)
(Sustentacion2.out)

LaTeX Font Warning: Font shape `OT1/cmr/m/n' in size <40> not available
(Font)              size <24.88> substituted on input line 39.


LaTeX Font Warning: Font shape `OT1/cmss/m/n' in size <40> not available
(Font)              size <24.88> substituted on input line 39.


LaTeX Font Warning: Font shape `OT1/cmr/m/n' in size <24> not available
(Font)              size <24.88> substituted on input line 39.


LaTeX Font Warning: Font shape `OT1/cmr/bx/n' in size <24> not available
(Font)              size <24.88> substituted on input line 39.


LaTeX Font Warning: Font shape `OT1/cmr/bx/it' in size <24> not available
(Font)              size <24.88> substituted on input line 39.


LaTeX Warning: File `fondo.jpg' not found on input line 39.


Error: pdflatex (file fondo.jpg): cannot find image file
 ==> Fatal error occurred, the output PDF file is not finished!
