\BOOKMARK [0][]{chapter.1}{\376\377\0001\000\040\000I\000n\000t\000r\000o\000d\000u\000c\000c\000i\000\363\000n}{}% 1
\BOOKMARK [1][-]{section.1.1}{\376\377\0001\000.\0001\000\040\000\277\000Q\000u\000\351\000\040\000e\000s\000\040\000T\000e\000X\000,\000\040\000\040\000L\000a\000T\000e\000X\000\040\000y\000\040\000s\000u\000\040\000f\000a\000m\000i\000l\000i\000a\000\040\000?}{chapter.1}% 2
\BOOKMARK [1][-]{section.1.2}{\376\377\0001\000.\0002\000\040\000W\000o\000r\000d\000\040\000V\000s\000\040\000L\000a\000T\000e\000X}{chapter.1}% 3
\BOOKMARK [1][-]{section.1.3}{\376\377\0001\000.\0003\000\040\000\277\000\040\000P\000o\000r\000q\000u\000\351\000\040\000U\000s\000a\000r\000\040\000L\000a\000T\000e\000X\000?}{chapter.1}% 4
\BOOKMARK [1][-]{section.1.4}{\376\377\0001\000.\0004\000\040\000F\000i\000l\000o\000s\000o\000f\000\355\000a\000\040\000d\000e\000\040\000L\000a\000T\000e\000X}{chapter.1}% 5
\BOOKMARK [1][-]{section.1.5}{\376\377\0001\000.\0005\000\040\000Q\000u\000e\000\040\000h\000a\000c\000e\000\040\000L\000a\000T\000e\000X}{chapter.1}% 6
\BOOKMARK [1][-]{section.1.6}{\376\377\0001\000.\0006\000\040\000\277\000C\000o\000m\000o\000\040\000u\000s\000a\000r\000\040\000L\000a\000T\000e\000X\000?}{chapter.1}% 7
\BOOKMARK [1][-]{section.1.7}{\376\377\0001\000.\0007\000\040\000H\000e\000r\000r\000a\000m\000i\000e\000n\000t\000a\000s\000\040\000p\000a\000r\000a\000\040\000t\000r\000a\000b\000a\000j\000a\000r\000\040\000c\000o\000n\000\040\000L\000a\000T\000e\000X}{chapter.1}% 8
\BOOKMARK [1][-]{section.1.8}{\376\377\0001\000.\0008\000\040\000I\000n\000s\000t\000a\000l\000a\000c\000i\000\363\000n}{chapter.1}% 9
\BOOKMARK [2][-]{subsection.1.8.1}{\376\377\0001\000.\0008\000.\0001\000\040\000W\000i\000n\000d\000o\000w\000s}{section.1.8}% 10
\BOOKMARK [2][-]{subsection.1.8.2}{\376\377\0001\000.\0008\000.\0002\000\040\000M\000a\000c\000\040\000O\000S\000\040\000X}{section.1.8}% 11
\BOOKMARK [2][-]{subsection.1.8.3}{\376\377\0001\000.\0008\000.\0003\000\040\000L\000i\000n\000u\000x}{section.1.8}% 12
\BOOKMARK [0][]{chapter.2}{\376\377\0002\000\040\000E\000d\000i\000c\000i\000\363\000n\000\040\000B\000\341\000s\000i\000c\000a}{}% 13
\BOOKMARK [1][-]{section.2.1}{\376\377\0002\000.\0001\000\040\000I\000n\000t\000r\000o\000d\000u\000c\000c\000i\000\363\000n}{chapter.2}% 14
\BOOKMARK [1][-]{section.2.2}{\376\377\0002\000.\0002\000\040\000O\000r\000d\000e\000n\000e\000s\000\040\000e\000n\000\040\000T\000e\000X\000\040\000y\000\040\000L\000a\000T\000e\000X\000:}{chapter.2}% 15
\BOOKMARK [2][-]{subsection.2.2.1}{\376\377\0002\000.\0002\000.\0001\000\040\000E\000j\000e\000m\000p\000l\000o\000s\000\040\000d\000e\000\040\000c\000o\000m\000a\000n\000d\000o\000s}{section.2.2}% 16
\BOOKMARK [2][-]{subsection.2.2.2}{\376\377\0002\000.\0002\000.\0002\000\040\000C\000a\000r\000a\000c\000t\000e\000r\000e\000s\000\040\000e\000s\000p\000e\000c\000i\000a\000l\000e\000s}{section.2.2}% 17
\BOOKMARK [1][-]{section.2.3}{\376\377\0002\000.\0003\000\040\000M\000i\000\040\000p\000r\000i\000m\000e\000r\000\040\000d\000o\000c\000u\000m\000e\000n\000t\000o}{chapter.2}% 18
\BOOKMARK [2][-]{subsection.2.3.1}{\376\377\0002\000.\0003\000.\0001\000\040\000E\000s\000t\000r\000u\000c\000t\000u\000r\000a\000\040\000d\000e\000\040\000u\000n\000\040\000f\000i\000c\000h\000e\000r\000o\000\040\000d\000e\000\040\000e\000n\000t\000r\000a\000d\000a}{section.2.3}% 19
\BOOKMARK [1][-]{section.2.4}{\376\377\0002\000.\0004\000\040\000E\000l\000\040\000f\000o\000r\000m\000a\000t\000o\000\040\000d\000e\000l\000\040\000d\000o\000c\000u\000m\000e\000n\000t\000o}{chapter.2}% 20
\BOOKMARK [2][-]{subsection.2.4.1}{\376\377\0002\000.\0004\000.\0001\000\040\000C\000l\000a\000s\000e\000s\000\040\000d\000e\000\040\000d\000o\000c\000u\000m\000e\000n\000t\000o\000s}{section.2.4}% 21
\BOOKMARK [2][-]{subsection.2.4.2}{\376\377\0002\000.\0004\000.\0002\000\040\000P\000a\000q\000u\000e\000t\000e\000s}{section.2.4}% 22
\BOOKMARK [2][-]{subsection.2.4.3}{\376\377\0002\000.\0004\000.\0003\000\040\000E\000s\000t\000i\000l\000o\000\040\000d\000e\000\040\000p\000\341\000g\000i\000n\000a}{section.2.4}% 23
\BOOKMARK [1][-]{section.2.5}{\376\377\0002\000.\0005\000\040\000P\000r\000o\000y\000e\000c\000t\000o\000s\000\040\000g\000r\000a\000n\000d\000e\000s}{chapter.2}% 24
\BOOKMARK [1][-]{section.2.6}{\376\377\0002\000.\0006\000\040\000r\000e\000s\000u\000m\000e\000n}{chapter.2}% 25
\BOOKMARK [0][]{chapter.3}{\376\377\0003\000\040\000t\000e\000r\000c\000e\000r}{}% 26
\BOOKMARK [1][-]{section.3.1}{\376\377\0003\000.\0001\000\040\000R\000e\000g\000l\000a\000s\000\040\000g\000e\000n\000e\000r\000a\000l\000e\000s}{chapter.3}% 27
\BOOKMARK [2][-]{subsection.3.1.1}{\376\377\0003\000.\0001\000.\0001\000\040\000E\000j\000e\000m\000p\000l\000o\000\040\0001}{section.3.1}% 28
\BOOKMARK [2][-]{subsection.3.1.2}{\376\377\0003\000.\0001\000.\0002\000\040\000E\000j\000e\000m\000p\000l\000o\000\040\0002}{section.3.1}% 29
\BOOKMARK [2][-]{subsection.3.1.3}{\376\377\0003\000.\0001\000.\0003\000\040\000A\000c\000e\000n\000t\000o\000s}{section.3.1}% 30
\BOOKMARK [2][-]{subsection.3.1.4}{\376\377\0003\000.\0001\000.\0004\000\040\000F\000\363\000r\000m\000u\000l\000a\000s\000\040\000e\000n\000\040\000l\000\355\000n\000e\000a\000s}{section.3.1}% 31
\BOOKMARK [2][-]{subsection.3.1.5}{\376\377\0003\000.\0001\000.\0005\000\040\000M\000a\000s\000\040\000e\000j\000e\000m\000p\000l\000o\000s}{section.3.1}% 32
\BOOKMARK [2][-]{subsection.3.1.6}{\376\377\0003\000.\0001\000.\0006\000\040\000T\000i\000p\000o\000s\000\040\000d\000e\000\040\000d\000o\000c\000u\000m\000e\000n\000t\000o\000s}{section.3.1}% 33
\BOOKMARK [0][]{chapter.4}{\376\377\0004\000\040\000L\000a\000T\000e\000X\000\040\000c\000o\000n\000\040\000L\000Y\000X}{}% 34
\BOOKMARK [0][]{chapter.5}{\376\377\0005\000\040\000C\000o\000m\000p\000o\000s\000i\000c\000i\000\363\000n\000\040\000d\000e\000\040\000f\000\363\000r\000m\000u\000l\000a\000s\000\040\000m\000a\000t\000e\000m\000\341\000t\000i\000c\000a\000s}{}% 35
\BOOKMARK [1][-]{section.5.1}{\376\377\0005\000.\0001\000\040\000G\000e\000n\000e\000r\000a\000l\000i\000d\000a\000d\000e\000s}{chapter.5}% 36
\BOOKMARK [1][-]{section.5.2}{\376\377\0005\000.\0002\000\040\000A\000g\000r\000u\000p\000a\000c\000i\000o\000n\000e\000s\000\040\000e\000n\000\040\000m\000o\000d\000o\000\040\000m\000a\000t\000e\000m\000'\000a\000t\000i\000c\000o}{chapter.5}% 37
\BOOKMARK [1][-]{section.5.3}{\376\377\0005\000.\0003\000\040\000E\000l\000e\000m\000e\000n\000t\000o\000s\000\040\000d\000e\000\040\000l\000a\000s\000\040\000f\000'\000o\000r\000m\000u\000l\000a\000s\000\040\000m\000a\000t\000e\000m\000'\000a\000t\000i\000c\000a\000s}{chapter.5}% 38
\BOOKMARK [1][-]{section.5.4}{\376\377\0005\000.\0004\000\040\000E\000s\000p\000a\000c\000i\000a\000d\000o\000\040\000e\000n\000\040\000m\000o\000d\000o\000\040\000m\000a\000t\000e\000m\000'\000a\000t\000i\000c\000o}{chapter.5}% 39
\BOOKMARK [1][-]{section.5.5}{\376\377\0005\000.\0005\000\040\000C\000o\000l\000o\000c\000a\000c\000i\000'\000o\000n\000\040\000d\000e\000\040\000s\000i\000g\000n\000o\000s\000\040\000e\000n\000c\000i\000m\000a\000\040\000d\000e\000\040\000o\000t\000r\000o\000s}{chapter.5}% 40
\BOOKMARK [1][-]{section.5.6}{\376\377\0005\000.\0006\000\040\000T\000a\000m\000a\000\040\000n\000o\000\040\000d\000e\000l\000\040\000t\000i\000p\000o\000\040\000p\000a\000r\000a\000\040\000e\000c\000u\000a\000c\000i\000o\000n\000e\000s}{chapter.5}% 41
\BOOKMARK [1][-]{section.5.7}{\376\377\0005\000.\0007\000\040\000D\000e\000s\000c\000r\000i\000p\000c\000i\000'\000o\000n\000\040\000d\000e\000\040\000v\000a\000r\000i\000a\000b\000l\000e\000s}{chapter.5}% 42
\BOOKMARK [1][-]{section.5.8}{\376\377\0005\000.\0008\000\040\000T\000e\000o\000r\000e\000m\000a\000s\000,\000\040\000l\000e\000y\000e\000s\040\046}{chapter.5}% 43
\BOOKMARK [1][-]{section.5.9}{\376\377\0005\000.\0009\000\040\000S\000'\000i\000m\000b\000o\000l\000o\000s\000\040\000e\000n\000\040\000n\000e\000g\000r\000i\000t\000a}{chapter.5}% 44
\BOOKMARK [0][]{chapter.6}{\376\377\0006\000\040\000U\000s\000o\000\040\000d\000e\000\040\000l\000o\000s\000\040\000p\000a\000q\000u\000e\000t\000e\000s\000\040\000m\000\341\000s\000\040\000c\000o\000m\000u\000n\000e\000s}{}% 45
\BOOKMARK [1][-]{section.6.1}{\376\377\0006\000.\0001\000\040\000P\000a\000q\000u\000e\000t\000e\000s\000\040\000m\000\341\000s\000\040\000u\000s\000a\000d\000o\000s}{chapter.6}% 46
\BOOKMARK [1][-]{section.6.2}{\376\377\0006\000.\0002\000\040\000F\000a\000n\000c\000y\000h\000d\000r}{chapter.6}% 47
\BOOKMARK [2][-]{subsection.6.2.1}{\376\377\0006\000.\0002\000.\0001\000\040\000I\000n\000t\000r\000o\000d\000u\000c\000c\000i\000\363\000n}{section.6.2}% 48
\BOOKMARK [2][-]{subsection.6.2.2}{\376\377\0006\000.\0002\000.\0002\000\040\000U\000s\000o}{section.6.2}% 49
